#
# A fatal error has been detected by the Java Runtime Environment:
#
#  Internal Error (safepoint.cpp:919), pid=88699, tid=35587
#  fatal error: Illegal threadstate encountered: 4
#
# JRE version: OpenJDK Runtime Environment Microsoft-25199 (11.0.12+7) (build 11.0.12+7)
# Java VM: OpenJDK 64-Bit Server VM Microsoft-25199 (11.0.12+7, mixed mode, tiered, compressed oops, g1 gc, bsd-amd64)
# No core dump will be written. Core dumps have been disabled. To enable core dumping, try "ulimit -c unlimited" before starting Java again
#
# If you would like to submit a bug report, please visit:
#   https://github.com/microsoft/openjdk/issues
# The crash happened outside the Java Virtual Machine in native code.
# See problematic frame for where to report the bug.
#

---------------  S U M M A R Y ------------

Command Line: -agentlib:jdwp=transport=dt_socket,server=n,suspend=y,address=localhost:62144 --module-path=/Users/macbookair/Documents/JavaLibs/javafx-sdk-11.0.2/lib --add-modules=javafx.controls,javafx.fxml App

Host: MacBookAir7,2 x86_64 1800 MHz, 4 cores, 8G, Darwin 21.6.0
Time: Fri Nov 11 13:33:23 2022 CAT elapsed time: 46.697802 seconds (0d 0h 0m 46s)

---------------  T H R E A D  ---------------

Current thread (0x00007fa6d4a62000):  JavaThread "InvokeLaterDispatcher" daemon [_thread_in_native, id=35587, stack(0x0000700008c00000,0x0000700008d00000)]

Stack: [0x0000700008c00000,0x0000700008d00000],  sp=0x0000700008cfe2f0,  free space=1016k
Native frames: (J=compiled Java code, A=aot compiled Java code, j=interpreted, Vv=VM code, C=native code)
V  [libjvm.dylib+0x7d43cb]  _ZN7VMError14report_and_dieEiPKcS1_P13__va_list_tagP6ThreadPhPvS7_S1_im+0x663
V  [libjvm.dylib+0x7d4abb]  _ZN7VMError14report_and_dieEP6ThreadPvPKciS4_S4_P13__va_list_tag+0x47
V  [libjvm.dylib+0x27b67f]  _Z12report_fatalPKciS0_z+0xb5
V  [libjvm.dylib+0x6a9325]  _ZN20SafepointSynchronize5blockEP10JavaThread+0x1d1
V  [libjvm.dylib+0x78bfe2]  _ZN10JavaThread44check_safepoint_and_suspend_for_native_transEPS_+0xaa
V  [libjvm.dylib+0x3f860c]  jni_DeleteGlobalRef+0x93
C  [libglass.dylib+0x8851]  -[GlassRunnable dealloc]+0x31
C  [Foundation+0x8188e]  -[_NSThreadPerformInfo dealloc]+0x2a
C  [Foundation+0x4e406]  -[NSObject(NSThreadPerformAdditions) performSelectorOnMainThread:withObject:waitUntilDone:]+0x7c
J 4682  com.sun.glass.ui.mac.MacApplication._submitForLaterInvocation(Ljava/lang/Runnable;)V javafx.graphics (0 bytes) @ 0x000000012545db0f [0x000000012545da40+0x00000000000000cf]
J 4578 c1 com.sun.glass.ui.mac.MacApplication.submitForLaterInvocation(Ljava/lang/Runnable;)V javafx.graphics (6 bytes) @ 0x000000011e66b6c4 [0x000000011e66b640+0x0000000000000084]
j  com.sun.glass.ui.InvokeLaterDispatcher.run()V+82 javafx.graphics
v  ~StubRoutines::call_stub
V  [libjvm.dylib+0x3bccf0]  _ZN9JavaCalls11call_helperEP9JavaValueRK12methodHandleP17JavaCallArgumentsP6Thread+0x21a
V  [libjvm.dylib+0x3bc13a]  _ZN9JavaCalls12call_virtualEP9JavaValueP5KlassP6SymbolS5_P17JavaCallArgumentsP6Thread+0xee
V  [libjvm.dylib+0x3bc1f6]  _ZN9JavaCalls12call_virtualEP9JavaValue6HandleP5KlassP6SymbolS6_P6Thread+0x62
V  [libjvm.dylib+0x442ea1]  _ZL12thread_entryP10JavaThreadP6Thread+0x78
V  [libjvm.dylib+0x78a996]  _ZN10JavaThread17thread_main_innerEv+0x82
V  [libjvm.dylib+0x78a7e0]  _ZN10JavaThread3runEv+0x174
V  [libjvm.dylib+0x7886c0]  _ZN6Thread8call_runEv+0x68
V  [libjvm.dylib+0x635177]  _ZL19thread_native_entryP6Thread+0x139
C  [libsystem_pthread.dylib+0x64e1]  _pthread_start+0x7d
C  [libsystem_pthread.dylib+0x1f6b]  thread_start+0xf

Java frames: (J=compiled Java code, j=interpreted, Vv=VM code)
J 4682  com.sun.glass.ui.mac.MacApplication._submitForLaterInvocation(Ljava/lang/Runnable;)V javafx.graphics (0 bytes) @ 0x000000012545da9c [0x000000012545da40+0x000000000000005c]
J 4578 c1 com.sun.glass.ui.mac.MacApplication.submitForLaterInvocation(Ljava/lang/Runnable;)V javafx.graphics (6 bytes) @ 0x000000011e66b6c4 [0x000000011e66b640+0x0000000000000084]
j  com.sun.glass.ui.InvokeLaterDispatcher.run()V+82 javafx.graphics
v  ~StubRoutines::call_stub

---------------  P R O C E S S  ---------------

Threads class SMR info:
_java_thread_list=0x00007fa6d5c548a0, length=19, elements={
0x00007fa6d481d000, 0x00007fa6d48c2800, 0x00007fa6d48c5800, 0x00007fa6d48c8800,
0x00007fa6d48cb000, 0x00007fa6d48e5000, 0x00007fa6d3846800, 0x00007fa6d3842800,
0x00007fa6d49d8800, 0x00007fa6d49ef000, 0x00007fa6d49f0000, 0x00007fa6d49eb800,
0x00007fa6d38db800, 0x00007fa6d4a62000, 0x00007fa6d4a68000, 0x00007fa6d3bc5000,
0x00007fa6d3bca800, 0x00007fa6d681a000, 0x00007fa6d6844000
}

Java Threads: ( => current thread )
  0x00007fa6d481d000 JavaThread "main" [_thread_blocked, id=9731, stack(0x00007000076be000,0x00007000077be000)]
  0x00007fa6d48c2800 JavaThread "Reference Handler" daemon [_thread_blocked, id=17923, stack(0x0000700007dd3000,0x0000700007ed3000)]
  0x00007fa6d48c5800 JavaThread "Finalizer" daemon [_thread_blocked, id=13571, stack(0x0000700007ed6000,0x0000700007fd6000)]
  0x00007fa6d48c8800 JavaThread "Signal Dispatcher" daemon [_thread_blocked, id=15363, stack(0x00007000080df000,0x00007000081df000)]
  0x00007fa6d48cb000 JavaThread "Service Thread" daemon [_thread_blocked, id=43267, stack(0x00007000081e2000,0x00007000082e2000)]
  0x00007fa6d48e5000 JavaThread "C2 CompilerThread0" daemon [_thread_in_native, id=42755, stack(0x00007000082e5000,0x00007000083e5000)]
  0x00007fa6d3846800 JavaThread "C1 CompilerThread0" daemon [_thread_blocked, id=41987, stack(0x00007000083e8000,0x00007000084e8000)]
  0x00007fa6d3842800 JavaThread "Sweeper thread" daemon [_thread_blocked, id=41475, stack(0x00007000084eb000,0x00007000085eb000)]
  0x00007fa6d49d8800 JavaThread "Common-Cleaner" daemon [_thread_blocked, id=41219, stack(0x00007000085ee000,0x00007000086ee000)]
  0x00007fa6d49ef000 JavaThread "JDWP Transport Listener: dt_socket" daemon [_thread_blocked, id=40963, stack(0x00007000086f1000,0x00007000087f1000)]
  0x00007fa6d49f0000 JavaThread "JDWP Event Helper Thread" daemon [_thread_blocked, id=40195, stack(0x00007000087f4000,0x00007000088f4000)]
  0x00007fa6d49eb800 JavaThread "JDWP Command Reader" daemon [_thread_in_native, id=24067, stack(0x00007000088f7000,0x00007000089f7000)]
  0x00007fa6d38db800 JavaThread "QuantumRenderer-0" daemon [_thread_in_native, id=25091, stack(0x0000700008afd000,0x0000700008bfd000)]
=>0x00007fa6d4a62000 JavaThread "InvokeLaterDispatcher" daemon [_thread_in_native, id=35587, stack(0x0000700008c00000,0x0000700008d00000)]
  0x00007fa6d4a68000 JavaThread "JavaFX Application Thread" [_thread_in_native_trans, id=259, stack(0x00007ff7b6a53000,0x00007ff7b7253000)]
  0x00007fa6d3bc5000 JavaThread "Thread-2" daemon [_thread_in_native, id=82439, stack(0x000070000908f000,0x000070000910f000)]
  0x00007fa6d3bca800 JavaThread "JavaFX-Launcher" [_thread_blocked, id=51215, stack(0x000070000929b000,0x000070000939b000)]
  0x00007fa6d681a000 JavaThread "Prism Font Disposer" daemon [_thread_blocked, id=56843, stack(0x000070000939e000,0x000070000949e000)]
  0x00007fa6d6844000 JavaThread "Cleaner-0" daemon [_thread_blocked, id=67847, stack(0x0000700009524000,0x0000700009624000)]

Other Threads:
  0x00007fa6d48ba800 VMThread "VM Thread" [stack: 0x0000700007cd0000,0x0000700007dd0000] [id=18435]
  0x00007fa6d38db000 WatcherThread [stack: 0x00007000089fa000,0x0000700008afa000] [id=39939]
  0x00007fa6d4812800 GCTaskThread "GC Thread#0" [stack: 0x00007000077c1000,0x00007000078c1000] [id=20739]
  0x00007fa6d4a86800 GCTaskThread "GC Thread#1" [stack: 0x0000700008d03000,0x0000700008e03000] [id=35075]
  0x00007fa6d4a87000 GCTaskThread "GC Thread#2" [stack: 0x0000700008e06000,0x0000700008f06000] [id=28931]
  0x00007fa6d4a8a000 GCTaskThread "GC Thread#3" [stack: 0x0000700008f09000,0x0000700009009000] [id=34563]
  0x00007fa6d3823800 ConcurrentGCThread "G1 Main Marker" [stack: 0x00007000078c4000,0x00007000079c4000] [id=20227]
  0x00007fa6d4831800 ConcurrentGCThread "G1 Conc#0" [stack: 0x00007000079c7000,0x0000700007ac7000] [id=19715]
  0x00007fa6d3834000 ConcurrentGCThread "G1 Refine#0" [stack: 0x0000700007aca000,0x0000700007bca000] [id=19459]
  0x00007fa6d3834800 ConcurrentGCThread "G1 Young RemSet Sampling" [stack: 0x0000700007bcd000,0x0000700007ccd000] [id=12547]

Threads with active compile tasks:
C2 CompilerThread0  46711 5467       4       javafx.css.CompoundSelector::stateMatches (193 bytes)

VM state:not at safepoint (normal execution)

VM Mutex/Monitor currently owned by a thread: None

Heap address: 0x0000000780000000, size: 2048 MB, Compressed Oops mode: Zero based, Oop shift amount: 3
Narrow klass base: 0x0000000800000000, Narrow klass shift: 0
Compressed class space size: 1073741824 Address: 0x0000000800000000

Heap:
 garbage-first heap   total 131072K, used 54606K [0x0000000780000000, 0x0000000800000000)
  region size 1024K, 42 young (43008K), 1 survivors (1024K)
 Metaspace       used 37990K, capacity 39461K, committed 39632K, reserved 1083392K
  class space    used 4704K, capacity 5354K, committed 5452K, reserved 1048576K
Heap Regions: E=young(eden), S=young(survivor), O=old, HS=humongous(starts), HC=humongous(continues), CS=collection set, F=free, A=archive, TAMS=top-at-mark-start (previous, next)
|   0|0x0000000780000000, 0x0000000780100000, 0x0000000780100000|100%|HS|  |TAMS 0x0000000780100000, 0x0000000780000000| Complete 
|   1|0x0000000780100000, 0x0000000780200000, 0x0000000780200000|100%|HC|  |TAMS 0x0000000780200000, 0x0000000780100000| Complete 
|   2|0x0000000780200000, 0x0000000780300000, 0x0000000780300000|100%| O|  |TAMS 0x0000000780300000, 0x0000000780200000| Untracked 
|   3|0x0000000780300000, 0x0000000780400000, 0x0000000780400000|100%| O|  |TAMS 0x0000000780400000, 0x0000000780300000| Untracked 
|   4|0x0000000780400000, 0x0000000780500000, 0x0000000780500000|100%| O|  |TAMS 0x0000000780500000, 0x0000000780400000| Untracked 
|   5|0x0000000780500000, 0x0000000780600000, 0x0000000780600000|100%| O|  |TAMS 0x0000000780600000, 0x0000000780500000| Untracked 
|   6|0x0000000780600000, 0x0000000780700000, 0x0000000780700000|100%| O|  |TAMS 0x0000000780700000, 0x0000000780600000| Untracked 
|   7|0x0000000780700000, 0x0000000780800000, 0x0000000780800000|100%| O|  |TAMS 0x0000000780800000, 0x0000000780700000| Untracked 
|   8|0x0000000780800000, 0x0000000780900000, 0x0000000780900000|100%| O|  |TAMS 0x0000000780900000, 0x0000000780800000| Untracked 
|   9|0x0000000780900000, 0x0000000780a00000, 0x0000000780a00000|100%| O|  |TAMS 0x0000000780a00000, 0x0000000780900000| Untracked 
|  10|0x0000000780a00000, 0x0000000780b00000, 0x0000000780b00000|100%| O|  |TAMS 0x0000000780b00000, 0x0000000780a00000| Untracked 
|  11|0x0000000780b00000, 0x0000000780c00000, 0x0000000780c00000|100%| O|  |TAMS 0x0000000780c00000, 0x0000000780b00000| Untracked 
|  12|0x0000000780c00000, 0x0000000780c86600, 0x0000000780d00000| 52%| O|  |TAMS 0x0000000780c86600, 0x0000000780c00000| Untracked 
|  13|0x0000000780d00000, 0x0000000780d00000, 0x0000000780e00000|  0%| F|  |TAMS 0x0000000780d00000, 0x0000000780d00000| Untracked 
|  14|0x0000000780e00000, 0x0000000780e00000, 0x0000000780f00000|  0%| F|  |TAMS 0x0000000780e00000, 0x0000000780e00000| Untracked 
|  15|0x0000000780f00000, 0x0000000780f00000, 0x0000000781000000|  0%| F|  |TAMS 0x0000000780f00000, 0x0000000780f00000| Untracked 
|  16|0x0000000781000000, 0x0000000781000000, 0x0000000781100000|  0%| F|  |TAMS 0x0000000781000000, 0x0000000781000000| Untracked 
|  17|0x0000000781100000, 0x0000000781100000, 0x0000000781200000|  0%| F|  |TAMS 0x0000000781100000, 0x0000000781100000| Untracked 
|  18|0x0000000781200000, 0x0000000781200000, 0x0000000781300000|  0%| F|  |TAMS 0x0000000781200000, 0x0000000781200000| Untracked 
|  19|0x0000000781300000, 0x0000000781300000, 0x0000000781400000|  0%| F|  |TAMS 0x0000000781300000, 0x0000000781300000| Untracked 
|  20|0x0000000781400000, 0x0000000781400000, 0x0000000781500000|  0%| F|  |TAMS 0x0000000781400000, 0x0000000781400000| Untracked 
|  21|0x0000000781500000, 0x0000000781500000, 0x0000000781600000|  0%| F|  |TAMS 0x0000000781500000, 0x0000000781500000| Untracked 
|  22|0x0000000781600000, 0x0000000781600000, 0x0000000781700000|  0%| F|  |TAMS 0x0000000781600000, 0x0000000781600000| Untracked 
|  23|0x0000000781700000, 0x0000000781700000, 0x0000000781800000|  0%| F|  |TAMS 0x0000000781700000, 0x0000000781700000| Untracked 
|  24|0x0000000781800000, 0x0000000781800000, 0x0000000781900000|  0%| F|  |TAMS 0x0000000781800000, 0x0000000781800000| Untracked 
|  25|0x0000000781900000, 0x0000000781900000, 0x0000000781a00000|  0%| F|  |TAMS 0x0000000781900000, 0x0000000781900000| Untracked 
|  26|0x0000000781a00000, 0x0000000781a00000, 0x0000000781b00000|  0%| F|  |TAMS 0x0000000781a00000, 0x0000000781a00000| Untracked 
|  27|0x0000000781b00000, 0x0000000781b00000, 0x0000000781c00000|  0%| F|  |TAMS 0x0000000781b00000, 0x0000000781b00000| Untracked 
|  28|0x0000000781c00000, 0x0000000781c00000, 0x0000000781d00000|  0%| F|  |TAMS 0x0000000781c00000, 0x0000000781c00000| Untracked 
|  29|0x0000000781d00000, 0x0000000781d00000, 0x0000000781e00000|  0%| F|  |TAMS 0x0000000781d00000, 0x0000000781d00000| Untracked 
|  30|0x0000000781e00000, 0x0000000781e00000, 0x0000000781f00000|  0%| F|  |TAMS 0x0000000781e00000, 0x0000000781e00000| Untracked 
|  31|0x0000000781f00000, 0x0000000781f00000, 0x0000000782000000|  0%| F|  |TAMS 0x0000000781f00000, 0x0000000781f00000| Untracked 
|  32|0x0000000782000000, 0x0000000782000000, 0x0000000782100000|  0%| F|  |TAMS 0x0000000782000000, 0x0000000782000000| Untracked 
|  33|0x0000000782100000, 0x0000000782100000, 0x0000000782200000|  0%| F|  |TAMS 0x0000000782100000, 0x0000000782100000| Untracked 
|  34|0x0000000782200000, 0x0000000782200000, 0x0000000782300000|  0%| F|  |TAMS 0x0000000782200000, 0x0000000782200000| Untracked 
|  35|0x0000000782300000, 0x0000000782300000, 0x0000000782400000|  0%| F|  |TAMS 0x0000000782300000, 0x0000000782300000| Untracked 
|  36|0x0000000782400000, 0x0000000782400000, 0x0000000782500000|  0%| F|  |TAMS 0x0000000782400000, 0x0000000782400000| Untracked 
|  37|0x0000000782500000, 0x0000000782500000, 0x0000000782600000|  0%| F|  |TAMS 0x0000000782500000, 0x0000000782500000| Untracked 
|  38|0x0000000782600000, 0x0000000782600000, 0x0000000782700000|  0%| F|  |TAMS 0x0000000782600000, 0x0000000782600000| Untracked 
|  39|0x0000000782700000, 0x0000000782700000, 0x0000000782800000|  0%| F|  |TAMS 0x0000000782700000, 0x0000000782700000| Untracked 
|  40|0x0000000782800000, 0x0000000782800000, 0x0000000782900000|  0%| F|  |TAMS 0x0000000782800000, 0x0000000782800000| Untracked 
|  41|0x0000000782900000, 0x0000000782900000, 0x0000000782a00000|  0%| F|  |TAMS 0x0000000782900000, 0x0000000782900000| Untracked 
|  42|0x0000000782a00000, 0x0000000782a00000, 0x0000000782b00000|  0%| F|  |TAMS 0x0000000782a00000, 0x0000000782a00000| Untracked 
|  43|0x0000000782b00000, 0x0000000782b00000, 0x0000000782c00000|  0%| F|  |TAMS 0x0000000782b00000, 0x0000000782b00000| Untracked 
|  44|0x0000000782c00000, 0x0000000782c00000, 0x0000000782d00000|  0%| F|  |TAMS 0x0000000782c00000, 0x0000000782c00000| Untracked 
|  45|0x0000000782d00000, 0x0000000782d00000, 0x0000000782e00000|  0%| F|  |TAMS 0x0000000782d00000, 0x0000000782d00000| Untracked 
|  46|0x0000000782e00000, 0x0000000782e00000, 0x0000000782f00000|  0%| F|  |TAMS 0x0000000782e00000, 0x0000000782e00000| Untracked 
|  47|0x0000000782f00000, 0x0000000782f00000, 0x0000000783000000|  0%| F|  |TAMS 0x0000000782f00000, 0x0000000782f00000| Untracked 
|  48|0x0000000783000000, 0x0000000783000000, 0x0000000783100000|  0%| F|  |TAMS 0x0000000783000000, 0x0000000783000000| Untracked 
|  49|0x0000000783100000, 0x0000000783100000, 0x0000000783200000|  0%| F|  |TAMS 0x0000000783100000, 0x0000000783100000| Untracked 
|  50|0x0000000783200000, 0x0000000783200000, 0x0000000783300000|  0%| F|  |TAMS 0x0000000783200000, 0x0000000783200000| Untracked 
|  51|0x0000000783300000, 0x0000000783300000, 0x0000000783400000|  0%| F|  |TAMS 0x0000000783300000, 0x0000000783300000| Untracked 
|  52|0x0000000783400000, 0x0000000783400000, 0x0000000783500000|  0%| F|  |TAMS 0x0000000783400000, 0x0000000783400000| Untracked 
|  53|0x0000000783500000, 0x0000000783500000, 0x0000000783600000|  0%| F|  |TAMS 0x0000000783500000, 0x0000000783500000| Untracked 
|  54|0x0000000783600000, 0x0000000783600000, 0x0000000783700000|  0%| F|  |TAMS 0x0000000783600000, 0x0000000783600000| Untracked 
|  55|0x0000000783700000, 0x0000000783700000, 0x0000000783800000|  0%| F|  |TAMS 0x0000000783700000, 0x0000000783700000| Untracked 
|  56|0x0000000783800000, 0x0000000783800000, 0x0000000783900000|  0%| F|  |TAMS 0x0000000783800000, 0x0000000783800000| Untracked 
|  57|0x0000000783900000, 0x0000000783900000, 0x0000000783a00000|  0%| F|  |TAMS 0x0000000783900000, 0x0000000783900000| Untracked 
|  58|0x0000000783a00000, 0x0000000783a00000, 0x0000000783b00000|  0%| F|  |TAMS 0x0000000783a00000, 0x0000000783a00000| Untracked 
|  59|0x0000000783b00000, 0x0000000783b00000, 0x0000000783c00000|  0%| F|  |TAMS 0x0000000783b00000, 0x0000000783b00000| Untracked 
|  60|0x0000000783c00000, 0x0000000783c00000, 0x0000000783d00000|  0%| F|  |TAMS 0x0000000783c00000, 0x0000000783c00000| Untracked 
|  61|0x0000000783d00000, 0x0000000783d00000, 0x0000000783e00000|  0%| F|  |TAMS 0x0000000783d00000, 0x0000000783d00000| Untracked 
|  62|0x0000000783e00000, 0x0000000783e00000, 0x0000000783f00000|  0%| F|  |TAMS 0x0000000783e00000, 0x0000000783e00000| Untracked 
|  63|0x0000000783f00000, 0x0000000783f00000, 0x0000000784000000|  0%| F|  |TAMS 0x0000000783f00000, 0x0000000783f00000| Untracked 
|  64|0x0000000784000000, 0x0000000784000000, 0x0000000784100000|  0%| F|  |TAMS 0x0000000784000000, 0x0000000784000000| Untracked 
|  65|0x0000000784100000, 0x0000000784100000, 0x0000000784200000|  0%| F|  |TAMS 0x0000000784100000, 0x0000000784100000| Untracked 
|  66|0x0000000784200000, 0x0000000784200000, 0x0000000784300000|  0%| F|  |TAMS 0x0000000784200000, 0x0000000784200000| Untracked 
|  67|0x0000000784300000, 0x0000000784300000, 0x0000000784400000|  0%| F|  |TAMS 0x0000000784300000, 0x0000000784300000| Untracked 
|  68|0x0000000784400000, 0x0000000784400000, 0x0000000784500000|  0%| F|  |TAMS 0x0000000784400000, 0x0000000784400000| Untracked 
|  69|0x0000000784500000, 0x0000000784500000, 0x0000000784600000|  0%| F|  |TAMS 0x0000000784500000, 0x0000000784500000| Untracked 
|  70|0x0000000784600000, 0x0000000784600000, 0x0000000784700000|  0%| F|  |TAMS 0x0000000784600000, 0x0000000784600000| Untracked 
|  71|0x0000000784700000, 0x0000000784700000, 0x0000000784800000|  0%| F|  |TAMS 0x0000000784700000, 0x0000000784700000| Untracked 
|  72|0x0000000784800000, 0x0000000784800000, 0x0000000784900000|  0%| F|  |TAMS 0x0000000784800000, 0x0000000784800000| Untracked 
|  73|0x0000000784900000, 0x0000000784900000, 0x0000000784a00000|  0%| F|  |TAMS 0x0000000784900000, 0x0000000784900000| Untracked 
|  74|0x0000000784a00000, 0x0000000784a00000, 0x0000000784b00000|  0%| F|  |TAMS 0x0000000784a00000, 0x0000000784a00000| Untracked 
|  75|0x0000000784b00000, 0x0000000784b00000, 0x0000000784c00000|  0%| F|  |TAMS 0x0000000784b00000, 0x0000000784b00000| Untracked 
|  76|0x0000000784c00000, 0x0000000784c00000, 0x0000000784d00000|  0%| F|  |TAMS 0x0000000784c00000, 0x0000000784c00000| Untracked 
|  77|0x0000000784d00000, 0x0000000784d00000, 0x0000000784e00000|  0%| F|  |TAMS 0x0000000784d00000, 0x0000000784d00000| Untracked 
|  78|0x0000000784e00000, 0x0000000784e00000, 0x0000000784f00000|  0%| F|  |TAMS 0x0000000784e00000, 0x0000000784e00000| Untracked 
|  79|0x0000000784f00000, 0x0000000784f00000, 0x0000000785000000|  0%| F|  |TAMS 0x0000000784f00000, 0x0000000784f00000| Untracked 
|  80|0x0000000785000000, 0x0000000785000000, 0x0000000785100000|  0%| F|  |TAMS 0x0000000785000000, 0x0000000785000000| Untracked 
|  81|0x0000000785100000, 0x0000000785100000, 0x0000000785200000|  0%| F|  |TAMS 0x0000000785100000, 0x0000000785100000| Untracked 
|  82|0x0000000785200000, 0x0000000785200000, 0x0000000785300000|  0%| F|  |TAMS 0x0000000785200000, 0x0000000785200000| Untracked 
|  83|0x0000000785300000, 0x0000000785300000, 0x0000000785400000|  0%| F|  |TAMS 0x0000000785300000, 0x0000000785300000| Untracked 
|  84|0x0000000785400000, 0x0000000785400000, 0x0000000785500000|  0%| F|  |TAMS 0x0000000785400000, 0x0000000785400000| Untracked 
|  85|0x0000000785500000, 0x0000000785500000, 0x0000000785600000|  0%| F|  |TAMS 0x0000000785500000, 0x0000000785500000| Untracked 
|  86|0x0000000785600000, 0x0000000785680800, 0x0000000785700000| 50%| E|  |TAMS 0x0000000785600000, 0x0000000785600000| Complete 
|  87|0x0000000785700000, 0x0000000785800000, 0x0000000785800000|100%| E|CS|TAMS 0x0000000785700000, 0x0000000785700000| Complete 
|  88|0x0000000785800000, 0x0000000785900000, 0x0000000785900000|100%| E|CS|TAMS 0x0000000785800000, 0x0000000785800000| Complete 
|  89|0x0000000785900000, 0x0000000785a00000, 0x0000000785a00000|100%| E|CS|TAMS 0x0000000785900000, 0x0000000785900000| Complete 
|  90|0x0000000785a00000, 0x0000000785b00000, 0x0000000785b00000|100%| E|CS|TAMS 0x0000000785a00000, 0x0000000785a00000| Complete 
|  91|0x0000000785b00000, 0x0000000785c00000, 0x0000000785c00000|100%| E|CS|TAMS 0x0000000785b00000, 0x0000000785b00000| Complete 
|  92|0x0000000785c00000, 0x0000000785d00000, 0x0000000785d00000|100%| E|CS|TAMS 0x0000000785c00000, 0x0000000785c00000| Complete 
|  93|0x0000000785d00000, 0x0000000785e00000, 0x0000000785e00000|100%| E|CS|TAMS 0x0000000785d00000, 0x0000000785d00000| Complete 
|  94|0x0000000785e00000, 0x0000000785f00000, 0x0000000785f00000|100%| E|CS|TAMS 0x0000000785e00000, 0x0000000785e00000| Complete 
|  95|0x0000000785f00000, 0x0000000786000000, 0x0000000786000000|100%| E|CS|TAMS 0x0000000785f00000, 0x0000000785f00000| Complete 
|  96|0x0000000786000000, 0x0000000786100000, 0x0000000786100000|100%| E|CS|TAMS 0x0000000786000000, 0x0000000786000000| Complete 
|  97|0x0000000786100000, 0x0000000786200000, 0x0000000786200000|100%| E|CS|TAMS 0x0000000786100000, 0x0000000786100000| Complete 
|  98|0x0000000786200000, 0x0000000786300000, 0x0000000786300000|100%| E|CS|TAMS 0x0000000786200000, 0x0000000786200000| Complete 
|  99|0x0000000786300000, 0x0000000786400000, 0x0000000786400000|100%| E|CS|TAMS 0x0000000786300000, 0x0000000786300000| Complete 
| 100|0x0000000786400000, 0x0000000786500000, 0x0000000786500000|100%| E|CS|TAMS 0x0000000786400000, 0x0000000786400000| Complete 
| 101|0x0000000786500000, 0x0000000786600000, 0x0000000786600000|100%| E|CS|TAMS 0x0000000786500000, 0x0000000786500000| Complete 
| 102|0x0000000786600000, 0x0000000786700000, 0x0000000786700000|100%| E|CS|TAMS 0x0000000786600000, 0x0000000786600000| Complete 
| 103|0x0000000786700000, 0x0000000786800000, 0x0000000786800000|100%| E|CS|TAMS 0x0000000786700000, 0x0000000786700000| Complete 
| 104|0x0000000786800000, 0x0000000786900000, 0x0000000786900000|100%| E|CS|TAMS 0x0000000786800000, 0x0000000786800000| Complete 
| 105|0x0000000786900000, 0x0000000786a00000, 0x0000000786a00000|100%| E|CS|TAMS 0x0000000786900000, 0x0000000786900000| Complete 
| 106|0x0000000786a00000, 0x0000000786b00000, 0x0000000786b00000|100%| E|CS|TAMS 0x0000000786a00000, 0x0000000786a00000| Complete 
| 107|0x0000000786b00000, 0x0000000786c00000, 0x0000000786c00000|100%| E|CS|TAMS 0x0000000786b00000, 0x0000000786b00000| Complete 
| 108|0x0000000786c00000, 0x0000000786d00000, 0x0000000786d00000|100%| E|CS|TAMS 0x0000000786c00000, 0x0000000786c00000| Complete 
| 109|0x0000000786d00000, 0x0000000786e00000, 0x0000000786e00000|100%| E|CS|TAMS 0x0000000786d00000, 0x0000000786d00000| Complete 
| 110|0x0000000786e00000, 0x0000000786f00000, 0x0000000786f00000|100%| E|CS|TAMS 0x0000000786e00000, 0x0000000786e00000| Complete 
| 111|0x0000000786f00000, 0x0000000787000000, 0x0000000787000000|100%| E|CS|TAMS 0x0000000786f00000, 0x0000000786f00000| Complete 
| 112|0x0000000787000000, 0x0000000787100000, 0x0000000787100000|100%| E|CS|TAMS 0x0000000787000000, 0x0000000787000000| Complete 
| 113|0x0000000787100000, 0x0000000787200000, 0x0000000787200000|100%| E|CS|TAMS 0x0000000787100000, 0x0000000787100000| Complete 
| 114|0x0000000787200000, 0x0000000787300000, 0x0000000787300000|100%| E|CS|TAMS 0x0000000787200000, 0x0000000787200000| Complete 
| 115|0x0000000787300000, 0x0000000787400000, 0x0000000787400000|100%| E|CS|TAMS 0x0000000787300000, 0x0000000787300000| Complete 
| 116|0x0000000787400000, 0x0000000787500000, 0x0000000787500000|100%| E|CS|TAMS 0x0000000787400000, 0x0000000787400000| Complete 
| 117|0x0000000787500000, 0x0000000787600000, 0x0000000787600000|100%| E|CS|TAMS 0x0000000787500000, 0x0000000787500000| Complete 
| 118|0x0000000787600000, 0x0000000787700000, 0x0000000787700000|100%| E|CS|TAMS 0x0000000787600000, 0x0000000787600000| Complete 
| 119|0x0000000787700000, 0x00000007877cd480, 0x0000000787800000| 80%| S|CS|TAMS 0x0000000787700000, 0x0000000787700000| Complete 
| 120|0x0000000787800000, 0x0000000787900000, 0x0000000787900000|100%| E|CS|TAMS 0x0000000787800000, 0x0000000787800000| Complete 
| 121|0x0000000787900000, 0x0000000787a00000, 0x0000000787a00000|100%| E|CS|TAMS 0x0000000787900000, 0x0000000787900000| Complete 
| 122|0x0000000787a00000, 0x0000000787b00000, 0x0000000787b00000|100%| E|CS|TAMS 0x0000000787a00000, 0x0000000787a00000| Complete 
| 123|0x0000000787b00000, 0x0000000787c00000, 0x0000000787c00000|100%| E|CS|TAMS 0x0000000787b00000, 0x0000000787b00000| Complete 
| 124|0x0000000787c00000, 0x0000000787d00000, 0x0000000787d00000|100%| E|CS|TAMS 0x0000000787c00000, 0x0000000787c00000| Complete 
| 125|0x0000000787d00000, 0x0000000787e00000, 0x0000000787e00000|100%| E|CS|TAMS 0x0000000787d00000, 0x0000000787d00000| Complete 
| 126|0x0000000787e00000, 0x0000000787f00000, 0x0000000787f00000|100%| E|CS|TAMS 0x0000000787e00000, 0x0000000787e00000| Complete 
| 127|0x0000000787f00000, 0x0000000788000000, 0x0000000788000000|100%| E|CS|TAMS 0x0000000787f00000, 0x0000000787f00000| Complete 

Card table byte_map: [0x000000010b4eb000,0x000000010b8eb000] _byte_map_base: 0x00000001078eb000

Marking Bits (Prev, Next): (CMBitMap*) 0x00007fa6d381b018, (CMBitMap*) 0x00007fa6d381b050
 Prev Bits: [0x000000010cbfb000, 0x000000010ebfb000)
 Next Bits: [0x000000010ebfb000, 0x0000000110bfb000)

Polling page: 0x0000000108dee000

Metaspace:

Usage:
  Non-class:     33.31 MB capacity,    32.51 MB ( 98%) used,   643.16 KB (  2%) free+waste,   177.19 KB ( <1%) overhead. 
      Class:      5.23 MB capacity,     4.59 MB ( 88%) used,   564.74 KB ( 11%) free+waste,    85.12 KB (  2%) overhead. 
       Both:     38.54 MB capacity,    37.10 MB ( 96%) used,     1.18 MB (  3%) free+waste,   262.31 KB ( <1%) overhead. 

Virtual space:
  Non-class space:       34.00 MB reserved,      33.38 MB ( 98%) committed 
      Class space:        1.00 GB reserved,       5.32 MB ( <1%) committed 
             Both:        1.03 GB reserved,      38.70 MB (  4%) committed 

Chunk freelists:
   Non-Class:  33.00 KB
       Class:  22.00 KB
        Both:  55.00 KB

MaxMetaspaceSize: unlimited
CompressedClassSpaceSize: 1.00 GB
Initial GC threshold: 20.80 MB
Current GC threshold: 59.09 MB
CDS: off

CodeHeap 'non-profiled nmethods': size=120032Kb used=3115Kb max_used=3115Kb free=116916Kb
 bounds [0x0000000125264000, 0x0000000125574000, 0x000000012c79c000]
CodeHeap 'profiled nmethods': size=120032Kb used=11946Kb max_used=11946Kb free=108085Kb
 bounds [0x000000011dd2c000, 0x000000011e8dc000, 0x0000000125264000]
CodeHeap 'non-nmethods': size=5696Kb used=1585Kb max_used=1665Kb free=4110Kb
 bounds [0x000000011d79c000, 0x000000011da0c000, 0x000000011dd2c000]
 total_blobs=6301 nmethods=5423 adapters=799
 compilation: enabled
              stopped_count=0, restarted_count=0
 full_count=0

Compilation events (20 events):
Event: 46.344 Thread 0x00007fa6d3846800 5463       3       com.sun.prism.impl.ps.BaseShaderContext::validateClearOp (12 bytes)
Event: 46.344 Thread 0x00007fa6d3846800 nmethod 5463 0x000000011e8d1c90 code [0x000000011e8d1e60, 0x000000011e8d20c0]
Event: 46.679 Thread 0x00007fa6d3846800 5465       3       javafx.scene.Scene::getCursor (22 bytes)
Event: 46.680 Thread 0x00007fa6d3846800 nmethod 5465 0x000000011e8d2190 code [0x000000011e8d2360, 0x000000011e8d26a0]
Event: 46.680 Thread 0x00007fa6d48e5000 5464       4       java.lang.invoke.LambdaForm$MH/0x0000000800060440::invoke (8 bytes)
Event: 46.681 Thread 0x00007fa6d48e5000 nmethod 5464 0x000000012556ec90 code [0x000000012556ee20, 0x000000012556ee98]
Event: 46.684 Thread 0x00007fa6d3846800 5466       3       com.sun.glass.ui.Window::checkNotClosed (20 bytes)
Event: 46.685 Thread 0x00007fa6d3846800 nmethod 5466 0x000000011e8d2790 code [0x000000011e8d2960, 0x000000011e8d2b80]
Event: 46.685 Thread 0x00007fa6d48e5000 5467       4       javafx.css.CompoundSelector::stateMatches (193 bytes)
Event: 46.689 Thread 0x00007fa6d3846800 5469       3       javafx.scene.Node::getPseudoClassStates (8 bytes)
Event: 46.691 Thread 0x00007fa6d3846800 nmethod 5469 0x000000011e8d2c90 code [0x000000011e8d2e80, 0x000000011e8d3340]
Event: 46.691 Thread 0x00007fa6d3846800 5470       3       com.sun.javafx.css.PseudoClassState::iterator (5 bytes)
Event: 46.692 Thread 0x00007fa6d3846800 nmethod 5470 0x000000011e8d3510 code [0x000000011e8d36e0, 0x000000011e8d39d0]
Event: 46.692 Thread 0x00007fa6d3846800 5468       3       javafx.scene.effect.Effect$1::getBounds (11 bytes)
Event: 46.692 Thread 0x00007fa6d3846800 nmethod 5468 0x000000011e8d3b10 code [0x000000011e8d3cc0, 0x000000011e8d3ea0]
Event: 46.692 Thread 0x00007fa6d3846800 5471       3       javafx.scene.layout.BackgroundFill::<init> (95 bytes)
Event: 46.692 Thread 0x00007fa6d3846800 nmethod 5471 0x000000011e8d3f90 code [0x000000011e8d4180, 0x000000011e8d46b0]
Event: 46.692 Thread 0x00007fa6d3846800 5472       3       com.sun.javafx.event.BasicEventDispatcher::dispatchBubblingEvent (2 bytes)
Event: 46.692 Thread 0x00007fa6d3846800 nmethod 5472 0x000000011e8d4890 code [0x000000011e8d4a40, 0x000000011e8d4b30]
Event: 46.697 Thread 0x00007fa6d3846800 5473       3       com.sun.javafx.geom.Rectangle::<init> (21 bytes)

GC Heap History (8 events):
Event: 1.125 GC heap before
{Heap before GC invocations=0 (full 0):
 garbage-first heap   total 131072K, used 14336K [0x0000000780000000, 0x0000000800000000)
  region size 1024K, 14 young (14336K), 0 survivors (0K)
 Metaspace       used 8836K, capacity 9099K, committed 9216K, reserved 1056768K
  class space    used 872K, capacity 972K, committed 1024K, reserved 1048576K
}
Event: 1.141 GC heap after
{Heap after GC invocations=1 (full 0):
 garbage-first heap   total 131072K, used 2020K [0x0000000780000000, 0x0000000800000000)
  region size 1024K, 2 young (2048K), 2 survivors (2048K)
 Metaspace       used 8836K, capacity 9099K, committed 9216K, reserved 1056768K
  class space    used 872K, capacity 972K, committed 1024K, reserved 1048576K
}
Event: 2.787 GC heap before
{Heap before GC invocations=1 (full 0):
 garbage-first heap   total 131072K, used 36836K [0x0000000780000000, 0x0000000800000000)
  region size 1024K, 37 young (37888K), 2 survivors (2048K)
 Metaspace       used 20571K, capacity 21264K, committed 21296K, reserved 1069056K
  class space    used 2495K, capacity 2802K, committed 2816K, reserved 1048576K
}
Event: 2.804 GC heap after
{Heap after GC invocations=2 (full 0):
 garbage-first heap   total 131072K, used 6762K [0x0000000780000000, 0x0000000800000000)
  region size 1024K, 7 young (7168K), 7 survivors (7168K)
 Metaspace       used 20571K, capacity 21264K, committed 21296K, reserved 1069056K
  class space    used 2495K, capacity 2802K, committed 2816K, reserved 1048576K
}
Event: 8.174 GC heap before
{Heap before GC invocations=3 (full 0):
 garbage-first heap   total 131072K, used 47722K [0x0000000780000000, 0x0000000800000000)
  region size 1024K, 45 young (46080K), 7 survivors (7168K)
 Metaspace       used 33239K, capacity 34301K, committed 34508K, reserved 1079296K
  class space    used 4088K, capacity 4542K, committed 4556K, reserved 1048576K
}
Event: 8.195 GC heap after
{Heap after GC invocations=4 (full 0):
 garbage-first heap   total 131072K, used 13136K [0x0000000780000000, 0x0000000800000000)
  region size 1024K, 5 young (5120K), 5 survivors (5120K)
 Metaspace       used 33239K, capacity 34301K, committed 34508K, reserved 1079296K
  class space    used 4088K, capacity 4542K, committed 4556K, reserved 1048576K
}
Event: 8.411 GC heap before
{Heap before GC invocations=4 (full 0):
 garbage-first heap   total 131072K, used 20304K [0x0000000780000000, 0x0000000800000000)
  region size 1024K, 13 young (13312K), 5 survivors (5120K)
 Metaspace       used 34677K, capacity 35945K, committed 36048K, reserved 1081344K
  class space    used 4360K, capacity 4898K, committed 4940K, reserved 1048576K
}
Event: 8.422 GC heap after
{Heap after GC invocations=5 (full 0):
 garbage-first heap   total 131072K, used 13646K [0x0000000780000000, 0x0000000800000000)
  region size 1024K, 1 young (1024K), 1 survivors (1024K)
 Metaspace       used 34677K, capacity 35945K, committed 36048K, reserved 1081344K
  class space    used 4360K, capacity 4898K, committed 4940K, reserved 1048576K
}

Deoptimization events (20 events):
Event: 32.351 Thread 0x00007fa6d4a68000 DEOPT PACKING pc=0x000000011e82e6c7 sp=0x00007ff7b724b440
Event: 32.351 Thread 0x00007fa6d4a68000 DEOPT UNPACKING pc=0x000000011d7e664a sp=0x00007ff7b724a9b0 mode 0
Event: 32.351 Thread 0x00007fa6d4a68000 DEOPT PACKING pc=0x000000011e82e6c7 sp=0x00007ff7b724bba0
Event: 32.351 Thread 0x00007fa6d4a68000 DEOPT UNPACKING pc=0x000000011d7e664a sp=0x00007ff7b724b110 mode 0
Event: 33.865 Thread 0x00007fa6d4a68000 Uncommon trap: trap_request=0xffffffde fr.pc=0x0000000125476c9c relative=0x0000000000006bfc
Event: 33.865 Thread 0x00007fa6d4a68000 Uncommon trap: reason=class_check action=maybe_recompile pc=0x0000000125476c9c method=javafx.scene.CssStyleHelper.transitionToState(Ljavafx/scene/Node;)V @ 499 c2
Event: 33.865 Thread 0x00007fa6d4a68000 DEOPT PACKING pc=0x0000000125476c9c sp=0x00007ff7b724b1e0
Event: 33.865 Thread 0x00007fa6d4a68000 DEOPT UNPACKING pc=0x000000011d7e5ea5 sp=0x00007ff7b724b1d8 mode 2
Event: 43.302 Thread 0x00007fa6d4a68000 Uncommon trap: trap_request=0xfffffff4 fr.pc=0x00000001254057f8 relative=0x0000000000001698
Event: 43.302 Thread 0x00007fa6d4a68000 Uncommon trap: reason=null_check action=make_not_entrant pc=0x00000001254057f8 method=javafx.scene.Node$MiscProperties.getClip()Ljavafx/scene/Node; @ 20 c2
Event: 43.302 Thread 0x00007fa6d4a68000 DEOPT PACKING pc=0x00000001254057f8 sp=0x00007ff7b724b850
Event: 43.302 Thread 0x00007fa6d4a68000 DEOPT UNPACKING pc=0x000000011d7e5ea5 sp=0x00007ff7b724b6c8 mode 2
Event: 46.684 Thread 0x00007fa6d4a68000 Uncommon trap: trap_request=0xffffffde fr.pc=0x0000000125476c9c relative=0x0000000000006bfc
Event: 46.684 Thread 0x00007fa6d4a68000 Uncommon trap: reason=class_check action=maybe_recompile pc=0x0000000125476c9c method=javafx.scene.CssStyleHelper.transitionToState(Ljavafx/scene/Node;)V @ 499 c2
Event: 46.684 Thread 0x00007fa6d4a68000 DEOPT PACKING pc=0x0000000125476c9c sp=0x00007ff7b724b310
Event: 46.684 Thread 0x00007fa6d4a68000 DEOPT UNPACKING pc=0x000000011d7e5ea5 sp=0x00007ff7b724b308 mode 2
Event: 46.685 Thread 0x00007fa6d4a68000 Uncommon trap: trap_request=0xffffffde fr.pc=0x0000000125476c9c relative=0x0000000000006bfc
Event: 46.685 Thread 0x00007fa6d4a68000 Uncommon trap: reason=class_check action=maybe_recompile pc=0x0000000125476c9c method=javafx.scene.CssStyleHelper.transitionToState(Ljavafx/scene/Node;)V @ 499 c2
Event: 46.685 Thread 0x00007fa6d4a68000 DEOPT PACKING pc=0x0000000125476c9c sp=0x00007ff7b724b310
Event: 46.685 Thread 0x00007fa6d4a68000 DEOPT UNPACKING pc=0x000000011d7e5ea5 sp=0x00007ff7b724b308 mode 2

Classes redefined (0 events):
No events

Internal exceptions (20 events):
Event: 5.218 Thread 0x00007fa6d4a68000 Exception <a 'java/lang/NoSuchMethodError'{0x00000007875a7cb0}: 'java.lang.Object java.lang.invoke.DirectMethodHandle$Holder.invokeStatic(java.lang.Object, java.lang.Object, long, int, int, int)'> (0x00000007875a7cb0) thrown at [./src/hotspot/share/interpreter/linkResolver.cpp, line 773]
Event: 5.220 Thread 0x00007fa6d4a68000 Exception <a 'java/lang/NoSuchMethodError'{0x00000007875bb918}: 'java.lang.Object java.lang.invoke.DirectMethodHandle$Holder.invokeStatic(java.lang.Object, java.lang.Object, int, java.lang.Object, long, int, int, int, int)'> (0x00000007875bb918) thrown at [./src/hotspot/share/interpreter/linkResolver.cpp, line 773]
Event: 7.358 Thread 0x00007fa6d4a68000 Exception <a 'java/lang/NoSuchMethodError'{0x0000000786e46fe0}: 'java.lang.Object java.lang.invoke.DirectMethodHandle$Holder.invokeStaticInit(java.lang.Object, java.lang.Object, long, java.lang.Object)'> (0x0000000786e46fe0) thrown at [./src/hotspot/share/interpreter/linkResolver.cpp, line 773]
Event: 7.487 Thread 0x00007fa6d4a68000 Exception <a 'java/lang/NoSuchMethodError'{0x0000000786b784f8}: 'int java.lang.invoke.DirectMethodHandle$Holder.invokeStaticInit(java.lang.Object, java.lang.Object, java.lang.Object, java.lang.Object)'> (0x0000000786b784f8) thrown at [./src/hotspot/share/interpreter/linkResolver.cpp, line 773]
Event: 7.488 Thread 0x00007fa6d4a68000 Exception <a 'java/lang/IncompatibleClassChangeError'{0x0000000786b81ab8}: Found class java.lang.Object, but interface was expected> (0x0000000786b81ab8) thrown at [./src/hotspot/share/interpreter/linkResolver.cpp, line 839]
Event: 7.787 Thread 0x00007fa6d4a68000 Exception <a 'java/lang/NoSuchMethodError'{0x00000007865a5ac8}: 'java.lang.Object java.lang.invoke.DirectMethodHandle$Holder.invokeSpecial(java.lang.Object, java.lang.Object, int, int, int, int, java.lang.Object, int, int)'> (0x00000007865a5ac8) thrown at [./src/hotspot/share/interpreter/linkResolver.cpp, line 773]
Event: 7.788 Thread 0x00007fa6d4a68000 Exception <a 'java/lang/NoSuchMethodError'{0x00000007865a94c8}: 'java.lang.Object java.lang.invoke.DelegatingMethodHandle$Holder.reinvoke_L(java.lang.Object, int, int, int, int, java.lang.Object, int, int)'> (0x00000007865a94c8) thrown at [./src/hotspot/share/interpreter/linkResolver.cpp, line 773]
Event: 7.790 Thread 0x00007fa6d4a68000 Exception <a 'java/lang/NoSuchMethodError'{0x00000007865cace8}: 'java.lang.Object java.lang.invoke.DirectMethodHandle$Holder.invokeStatic(java.lang.Object, java.lang.Object, java.lang.Object, java.lang.Object, java.lang.Object, java.lang.Object, java.lang.Object, int)'> (0x00000007865cace8) thrown at [./src/hotspot/share/interpreter/linkResolver.cpp, line 773]
Event: 7.792 Thread 0x00007fa6d4a68000 Exception <a 'java/lang/NoSuchMethodError'{0x00000007865e3660}: 'java.lang.Object java.lang.invoke.DirectMethodHandle$Holder.invokeStatic(java.lang.Object, java.lang.Object, java.lang.Object, java.lang.Object, java.lang.Object, java.lang.Object, java.lang.Object, int, int)'> (0x00000007865e3660) thrown at [./src/hotspot/share/interpreter/linkResolver.cpp, line 773]
Event: 7.794 Thread 0x00007fa6d4a68000 Exception <a 'java/lang/NoSuchMethodError'{0x00000007865fd730}: 'java.lang.Object java.lang.invoke.DirectMethodHandle$Holder.invokeStatic(java.lang.Object, java.lang.Object, java.lang.Object, java.lang.Object, java.lang.Object, java.lang.Object, java.lang.Object, int, int, java.lang.Object)'> (0x00000007865fd730) thrown at [./src/hotspot/share/interpreter/linkResolver.cpp, line 773]
Event: 8.232 Thread 0x00007fa6d4a68000 Exception <a 'java/lang/ClassNotFoundException'{0x0000000787d09c10}: com/sun/javafx/scene/control/skin/resources/controls-nt> (0x0000000787d09c10) thrown at [./src/hotspot/share/prims/jni.cpp, line 636]
Event: 8.232 Thread 0x00007fa6d4a68000 Exception <a 'java/lang/ClassNotFoundException'{0x0000000787d12340}: com/sun/javafx/scene/control/skin/resources/controls-nt_en> (0x0000000787d12340) thrown at [./src/hotspot/share/prims/jni.cpp, line 636]
Event: 8.233 Thread 0x00007fa6d4a68000 Exception <a 'java/lang/ClassNotFoundException'{0x0000000787d14a78}: com/sun/javafx/scene/control/skin/resources/controls-nt_en_MZ> (0x0000000787d14a78) thrown at [./src/hotspot/share/prims/jni.cpp, line 636]
Event: 8.531 Thread 0x00007fa6d4a68000 Exception <a 'java/lang/NoSuchMethodError'{0x0000000787eefa68}: 'void java.lang.invoke.DirectMethodHandle$Holder.invokeSpecialIFC(java.lang.Object, java.lang.Object, java.lang.Object, java.lang.Object)'> (0x0000000787eefa68) thrown at [./src/hotspot/share/interpreter/linkResolver.cpp, line 773]
Event: 9.137 Thread 0x00007fa6d4a68000 Implicit null exception at 0x00000001253cd826 to 0x00000001253cf56c
Event: 10.249 Thread 0x00007fa6d38db800 Exception <a 'java/lang/NoSuchMethodError'{0x0000000786dd1e38}: 'java.lang.Object java.lang.invoke.DirectMethodHandle$Holder.invokeStaticInit(java.lang.Object, int)'> (0x0000000786dd1e38) thrown at [./src/hotspot/share/interpreter/linkResolver.cpp, line 773]
Event: 18.128 Thread 0x00007fa6d4a68000 Implicit null exception at 0x00000001254006ed to 0x0000000125401d18
Event: 18.128 Thread 0x00007fa6d4a68000 Implicit null exception at 0x00000001253e6ab7 to 0x00000001253e6b18
Event: 40.425 Thread 0x00007fa6d4a68000 Exception <a 'java/lang/NoSuchMethodError'{0x0000000785ae91e8}: 'java.lang.Object java.lang.invoke.DirectMethodHandle$Holder.invokeStatic(java.lang.Object, java.lang.Object, java.lang.Object, int, java.lang.Object, java.lang.Object, java.lang.Object, int)'> (0x0000000785ae91e8) thrown at [./src/hotspot/share/interpreter/linkResolver.cpp, line 773]
Event: 43.302 Thread 0x00007fa6d4a68000 Implicit null exception at 0x0000000125404411 to 0x00000001254057b0

Events (20 events):
Event: 29.221 loading class javafx/beans/value/ObservableValue done
Event: 29.221 loading class javafx/beans/value/ObservableValue
Event: 29.221 loading class javafx/beans/value/ObservableValue done
Event: 29.221 loading class javafx/scene/control/skin/ButtonBarSkin
Event: 29.221 loading class javafx/scene/control/skin/ButtonBarSkin done
Event: 29.221 loading class javafx/beans/value/ObservableValue
Event: 29.221 loading class javafx/beans/value/ObservableValue done
Event: 29.221 loading class javafx/scene/control/skin/ButtonBarSkin
Event: 29.221 loading class javafx/scene/control/skin/ButtonBarSkin done
Event: 29.224 loading class java/util/TreeSet
Event: 29.224 loading class java/util/TreeSet done
Event: 29.271 Executing VM operation: RevokeBias
Event: 29.272 Executing VM operation: RevokeBias done
Event: 33.876 Executing VM operation: RevokeBias
Event: 33.876 Executing VM operation: RevokeBias done
Event: 40.424 loading class com/sun/javafx/tk/quantum/GlassViewEventHandler
Event: 40.424 loading class com/sun/javafx/tk/quantum/GlassViewEventHandler done
Event: 40.426 loading class com/sun/javafx/tk/quantum/GlassViewEventHandler
Event: 40.426 loading class com/sun/javafx/tk/quantum/GlassViewEventHandler done
Event: 46.697 Executing VM operation: RevokeBias


Dynamic libraries:
0x0000000108dd6000 	/Library/Java/JavaVirtualMachines/microsoft-11.jdk/Contents/Home/lib/jli/libjli.dylib
0x00007ff8304d9000 	/System/Library/Frameworks/Cocoa.framework/Versions/A/Cocoa
0x00007ff81c131000 	/System/Library/Frameworks/AppKit.framework/Versions/C/AppKit
0x00007ff81f648000 	/System/Library/Frameworks/CoreData.framework/Versions/A/CoreData
0x00007ff81a534000 	/System/Library/Frameworks/Foundation.framework/Versions/C/Foundation
0x00007ff82446a000 	/usr/lib/libSystem.B.dylib
0x00007ff81cfc1000 	/System/Library/PrivateFrameworks/UIFoundation.framework/Versions/A/UIFoundation
0x00007ff82a3db000 	/System/Library/PrivateFrameworks/RemoteViewServices.framework/Versions/A/RemoteViewServices
0x00007ff8226be000 	/System/Library/PrivateFrameworks/XCTTargetBootstrap.framework/Versions/A/XCTTargetBootstrap
0x00007ff826271000 	/System/Library/PrivateFrameworks/InternationalSupport.framework/Versions/A/InternationalSupport
0x00007ff8262fb000 	/System/Library/PrivateFrameworks/UserActivity.framework/Versions/A/UserActivity
0x00007ff825651000 	/usr/lib/libspindump.dylib
0x00007ff81d250000 	/System/Library/Frameworks/UniformTypeIdentifiers.framework/Versions/A/UniformTypeIdentifiers
0x00007ff820de2000 	/usr/lib/libapp_launch_measurement.dylib
0x00007ff82001a000 	/System/Library/PrivateFrameworks/CoreAnalytics.framework/Versions/A/CoreAnalytics
0x00007ff820de5000 	/System/Library/PrivateFrameworks/CoreAutoLayout.framework/Versions/A/CoreAutoLayout
0x00007ff822015000 	/System/Library/Frameworks/Metal.framework/Versions/A/Metal
0x00007ff822d44000 	/usr/lib/liblangid.dylib
0x00007ff8226c3000 	/System/Library/PrivateFrameworks/CoreSVG.framework/Versions/A/CoreSVG
0x00007ff81e63c000 	/System/Library/PrivateFrameworks/SkyLight.framework/Versions/A/SkyLight
0x00007ff81e9db000 	/System/Library/Frameworks/CoreGraphics.framework/Versions/A/CoreGraphics
0x00007ff82aa9b000 	/System/Library/Frameworks/Accelerate.framework/Versions/A/Accelerate
0x00007ff8250d0000 	/System/Library/PrivateFrameworks/IconServices.framework/Versions/A/IconServices
0x00007ff821ffa000 	/System/Library/Frameworks/IOSurface.framework/Versions/A/IOSurface
0x00007ff820048000 	/usr/lib/libDiagnosticMessagesClient.dylib
0x00007ff82438a000 	/usr/lib/libz.1.dylib
0x00007ff82e17d000 	/System/Library/Frameworks/ApplicationServices.framework/Versions/A/ApplicationServices
0x00007ff8226aa000 	/System/Library/PrivateFrameworks/DFRFoundation.framework/Versions/A/DFRFoundation
0x00007ff81ba19000 	/usr/lib/libicucore.A.dylib
0x00007ff827067000 	/System/Library/Frameworks/AudioToolbox.framework/Versions/A/AudioToolbox
0x00007ff82627d000 	/System/Library/PrivateFrameworks/DataDetectorsCore.framework/Versions/A/DataDetectorsCore
0x00007ff92277b000 	/System/Library/PrivateFrameworks/TextInput.framework/Versions/A/TextInput
0x00007ff81e5bf000 	/usr/lib/libMobileGestalt.dylib
0x00007ff8223b6000 	/System/Library/Frameworks/Carbon.framework/Versions/A/Frameworks/HIToolbox.framework/Versions/A/HIToolbox
0x00007ff8207e5000 	/System/Library/Frameworks/QuartzCore.framework/Versions/A/QuartzCore
0x00007ff81b6be000 	/System/Library/Frameworks/Security.framework/Versions/A/Security
0x00007ff82a413000 	/System/Library/Frameworks/Carbon.framework/Versions/A/Frameworks/SpeechRecognition.framework/Versions/A/SpeechRecognition
0x00007ff820b42000 	/System/Library/PrivateFrameworks/CoreUI.framework/Versions/A/CoreUI
0x00007ff81af88000 	/System/Library/Frameworks/CoreAudio.framework/Versions/A/CoreAudio
0x00007ff820137000 	/System/Library/Frameworks/DiskArbitration.framework/Versions/A/DiskArbitration
0x00007ff825a3f000 	/System/Library/PrivateFrameworks/MultitouchSupport.framework/Versions/A/MultitouchSupport
0x00007ff81e5be000 	/usr/lib/libenergytrace.dylib
0x00007ff81c01d000 	/System/Library/Frameworks/IOKit.framework/Versions/A/IOKit
0x00007ff82a803000 	/System/Library/Frameworks/CoreServices.framework/Versions/A/CoreServices
0x00007ff820d7c000 	/System/Library/PrivateFrameworks/PerformanceAnalysis.framework/Versions/A/PerformanceAnalysis
0x00007ffa3245d000 	/System/Library/Frameworks/OpenGL.framework/Versions/A/OpenGL
0x00007ff8239a6000 	/System/Library/PrivateFrameworks/MobileKeyBag.framework/Versions/A/MobileKeyBag
0x00007ff8194fe000 	/usr/lib/libobjc.A.dylib
0x00007ff81f0a7000 	/System/Library/Frameworks/ColorSync.framework/Versions/A/ColorSync
0x00007ff8196b8000 	/System/Library/Frameworks/CoreFoundation.framework/Versions/A/CoreFoundation
0x00007ff82293a000 	/System/Library/Frameworks/CoreImage.framework/Versions/A/CoreImage
0x00007ff81ad9c000 	/System/Library/Frameworks/CoreText.framework/Versions/A/CoreText
0x00007ff8226f3000 	/System/Library/Frameworks/ImageIO.framework/Versions/A/ImageIO
0x00007ff824470000 	/System/Library/PrivateFrameworks/SoftLinking.framework/Versions/A/SoftLinking
0x00007ff820e2d000 	/usr/lib/libxml2.2.dylib
0x00007ff8195c4000 	/usr/lib/libc++.1.dylib
0x00007ff8246f4000 	/usr/lib/libcompression.dylib
0x00007ff8261a4000 	/System/Library/PrivateFrameworks/TextureIO.framework/Versions/A/TextureIO
0x00007ff824de2000 	/usr/lib/libate.dylib
0x00007ff824465000 	/usr/lib/system/libcache.dylib
0x00007ff824421000 	/usr/lib/system/libcommonCrypto.dylib
0x00007ff82444a000 	/usr/lib/system/libcompiler_rt.dylib
0x00007ff824440000 	/usr/lib/system/libcopyfile.dylib
0x00007ff8193f9000 	/usr/lib/system/libcorecrypto.dylib
0x00007ff8194b7000 	/usr/lib/system/libdispatch.dylib
0x00007ff819677000 	/usr/lib/system/libdyld.dylib
0x00007ff82445c000 	/usr/lib/system/libkeymgr.dylib
0x00007ff8243ff000 	/usr/lib/system/libmacho.dylib
0x00007ff823a80000 	/usr/lib/system/libquarantine.dylib
0x00007ff82445a000 	/usr/lib/system/libremovefile.dylib
0x00007ff81e60c000 	/usr/lib/system/libsystem_asl.dylib
0x00007ff8193a2000 	/usr/lib/system/libsystem_blocks.dylib
0x00007ff81953b000 	/usr/lib/system/libsystem_c.dylib
0x00007ff824452000 	/usr/lib/system/libsystem_collections.dylib
0x00007ff822d34000 	/usr/lib/system/libsystem_configuration.dylib
0x00007ff821fdd000 	/usr/lib/system/libsystem_containermanager.dylib
0x00007ff824137000 	/usr/lib/system/libsystem_coreservices.dylib
0x00007ff81bcad000 	/usr/lib/system/libsystem_darwin.dylib
0x00007ff82445d000 	/usr/lib/system/libsystem_dnssd.dylib
0x00007ff819538000 	/usr/lib/system/libsystem_featureflags.dylib
0x00007ff81968d000 	/usr/lib/system/libsystem_info.dylib
0x00007ff82439d000 	/usr/lib/system/libsystem_m.dylib
0x00007ff81948b000 	/usr/lib/system/libsystem_malloc.dylib
0x00007ff81e5a7000 	/usr/lib/system/libsystem_networkextension.dylib
0x00007ff81c0d3000 	/usr/lib/system/libsystem_notify.dylib
0x00007ff82a6d8000 	/usr/lib/system/libsystem_product_info_filter.dylib
0x00007ff822d38000 	/usr/lib/system/libsystem_sandbox.dylib
0x00007ff824457000 	/usr/lib/system/libsystem_secinit.dylib
0x00007ff819633000 	/usr/lib/system/libsystem_kernel.dylib
0x00007ff819683000 	/usr/lib/system/libsystem_platform.dylib
0x00007ff81966b000 	/usr/lib/system/libsystem_pthread.dylib
0x00007ff81fe5a000 	/usr/lib/system/libsystem_symptoms.dylib
0x00007ff8193e0000 	/usr/lib/system/libsystem_trace.dylib
0x00007ff82442d000 	/usr/lib/system/libunwind.dylib
0x00007ff8193a4000 	/usr/lib/system/libxpc.dylib
0x00007ff81961d000 	/usr/lib/libc++abi.dylib
0x00007ff824438000 	/usr/lib/liboah.dylib
0x00007ff824bbe000 	/usr/lib/liblzma.5.dylib
0x00007ff81a246000 	/System/Library/Frameworks/SystemConfiguration.framework/Versions/A/SystemConfiguration
0x00007ff82446c000 	/usr/lib/libfakelink.dylib
0x00007ff81e117000 	/System/Library/Frameworks/CFNetwork.framework/Versions/A/CFNetwork
0x00007ff8245ad000 	/usr/lib/libarchive.2.dylib
0x00007ff822d40000 	/System/Library/PrivateFrameworks/AppleSystemInfo.framework/Versions/A/AppleSystemInfo
0x00007ff823aa7000 	/usr/lib/libbsm.0.dylib
0x00007ff81d726000 	/usr/lib/libnetwork.dylib
0x00007ff824405000 	/usr/lib/system/libkxld.dylib
0x00007ff8236da000 	/System/Library/PrivateFrameworks/IOMobileFramebuffer.framework/Versions/A/IOMobileFramebuffer
0x00007ffb31e27000 	/usr/lib/libCoreEntitlements.dylib
0x00007ff824119000 	/System/Library/PrivateFrameworks/AppleFSCompression.framework/Versions/A/AppleFSCompression
0x00007ff823a8f000 	/usr/lib/libcoretls.dylib
0x00007ff824bd8000 	/usr/lib/libcoretls_cfhelpers.dylib
0x00007ff8246ef000 	/usr/lib/libpam.2.dylib
0x00007ff81fa79000 	/usr/lib/libsqlite3.dylib
0x00007ff824c47000 	/usr/lib/libxar.1.dylib
0x00007ff824129000 	/usr/lib/libbz2.1.0.dylib
0x00007ff824471000 	/usr/lib/libpcap.A.dylib
0x00007ff81fe52000 	/usr/lib/libdns_services.dylib
0x00007ff8246bf000 	/usr/lib/libapple_nghttp2.dylib
0x00007ff8244ab000 	/usr/lib/libiconv.2.dylib
0x00007ff8243fe000 	/usr/lib/libcharset.1.dylib
0x00007ff820db0000 	/System/Library/Frameworks/CoreServices.framework/Versions/A/Frameworks/FSEvents.framework/Versions/A/FSEvents
0x00007ff81bcb7000 	/System/Library/Frameworks/CoreServices.framework/Versions/A/Frameworks/CarbonCore.framework/Versions/A/CarbonCore
0x00007ff82009b000 	/System/Library/Frameworks/CoreServices.framework/Versions/A/Frameworks/Metadata.framework/Versions/A/Metadata
0x00007ff82413c000 	/System/Library/Frameworks/CoreServices.framework/Versions/A/Frameworks/OSServices.framework/Versions/A/OSServices
0x00007ff824634000 	/System/Library/Frameworks/CoreServices.framework/Versions/A/Frameworks/SearchKit.framework/Versions/A/SearchKit
0x00007ff81fde4000 	/System/Library/Frameworks/CoreServices.framework/Versions/A/Frameworks/AE.framework/Versions/A/AE
0x00007ff819bbb000 	/System/Library/Frameworks/CoreServices.framework/Versions/A/Frameworks/LaunchServices.framework/Versions/A/LaunchServices
0x00007ff824b6f000 	/System/Library/Frameworks/CoreServices.framework/Versions/A/Frameworks/DictionaryServices.framework/Versions/A/DictionaryServices
0x00007ff820dbd000 	/System/Library/Frameworks/CoreServices.framework/Versions/A/Frameworks/SharedFileList.framework/Versions/A/SharedFileList
0x00007ff823a83000 	/usr/lib/libCheckFix.dylib
0x00007ff81e623000 	/System/Library/PrivateFrameworks/TCC.framework/Versions/A/TCC
0x00007ff822d46000 	/System/Library/PrivateFrameworks/CoreNLP.framework/Versions/A/CoreNLP
0x00007ff82004b000 	/System/Library/PrivateFrameworks/MetadataUtilities.framework/Versions/A/MetadataUtilities
0x00007ff81a2f7000 	/usr/lib/libmecabra.dylib
0x00007ff823ab7000 	/usr/lib/libmecab.dylib
0x00007ff81a2c2000 	/usr/lib/libCRFSuite.dylib
0x00007ff823b11000 	/usr/lib/libgermantok.dylib
0x00007ff82469a000 	/usr/lib/libThaiTokenizer.dylib
0x00007ff82013e000 	/System/Library/Frameworks/Accelerate.framework/Versions/A/Frameworks/vImage.framework/Versions/A/vImage
0x00007ff82a7da000 	/System/Library/Frameworks/Accelerate.framework/Versions/A/Frameworks/vecLib.framework/Versions/A/vecLib
0x00007ff824c88000 	/System/Library/Frameworks/Accelerate.framework/Versions/A/Frameworks/vecLib.framework/Versions/A/libvMisc.dylib
0x00007ff823505000 	/System/Library/Frameworks/Accelerate.framework/Versions/A/Frameworks/vecLib.framework/Versions/A/libvDSP.dylib
0x00007ff819f36000 	/System/Library/Frameworks/Accelerate.framework/Versions/A/Frameworks/vecLib.framework/Versions/A/libBLAS.dylib
0x00007ff8247d1000 	/System/Library/Frameworks/Accelerate.framework/Versions/A/Frameworks/vecLib.framework/Versions/A/libLAPACK.dylib
0x00007ff823b14000 	/System/Library/Frameworks/Accelerate.framework/Versions/A/Frameworks/vecLib.framework/Versions/A/libLinearAlgebra.dylib
0x00007ff8246d7000 	/System/Library/Frameworks/Accelerate.framework/Versions/A/Frameworks/vecLib.framework/Versions/A/libSparseBLAS.dylib
0x00007ff8247cb000 	/System/Library/Frameworks/Accelerate.framework/Versions/A/Frameworks/vecLib.framework/Versions/A/libQuadrature.dylib
0x00007ff822e31000 	/System/Library/Frameworks/Accelerate.framework/Versions/A/Frameworks/vecLib.framework/Versions/A/libBNNS.dylib
0x00007ff81a1d0000 	/System/Library/Frameworks/Accelerate.framework/Versions/A/Frameworks/vecLib.framework/Versions/A/libSparse.dylib
0x00007ff822e2a000 	/System/Library/PrivateFrameworks/LinguisticData.framework/Versions/A/LinguisticData
0x00007ff81a186000 	/System/Library/PrivateFrameworks/Lexicon.framework/Versions/A/Lexicon
0x00007ff824c81000 	/usr/lib/libChineseTokenizer.dylib
0x00007ff81a8f1000 	/System/Library/PrivateFrameworks/LanguageModeling.framework/Versions/A/LanguageModeling
0x00007ff82469c000 	/System/Library/PrivateFrameworks/AppleSauce.framework/Versions/A/AppleSauce
0x00007ff8236c8000 	/System/Library/PrivateFrameworks/CoreEmoji.framework/Versions/A/CoreEmoji
0x00007ff82459c000 	/usr/lib/libcmph.dylib
0x00007ff820d94000 	/System/Library/Frameworks/OpenDirectory.framework/Versions/A/Frameworks/CFOpenDirectory.framework/Versions/A/CFOpenDirectory
0x00007ff820d88000 	/System/Library/Frameworks/OpenDirectory.framework/Versions/A/OpenDirectory
0x00007ff824bda000 	/System/Library/PrivateFrameworks/APFS.framework/Versions/A/APFS
0x00007ff8239de000 	/System/Library/Frameworks/SecurityFoundation.framework/Versions/A/SecurityFoundation
0x00007ff824c55000 	/usr/lib/libutil.dylib
0x00007ff81bfe1000 	/System/Library/PrivateFrameworks/CoreServicesStore.framework/Versions/A/CoreServicesStore
0x00007ff824c59000 	/usr/lib/libxslt.1.dylib
0x00007ff823a6b000 	/System/Library/PrivateFrameworks/BackgroundTaskManagement.framework/Versions/A/BackgroundTaskManagement
0x00007ff8260c4000 	/System/Library/Frameworks/ImageIO.framework/Versions/A/Resources/libRadiance.dylib
0x00007ff8260cd000 	/System/Library/Frameworks/ImageIO.framework/Versions/A/Resources/libJPEG.dylib
0x00007ff82601e000 	/System/Library/Frameworks/ImageIO.framework/Versions/A/Resources/libPng.dylib
0x00007ff82603f000 	/System/Library/Frameworks/ImageIO.framework/Versions/A/Resources/libTIFF.dylib
0x00007ff82612d000 	/System/Library/Frameworks/ImageIO.framework/Versions/A/Resources/libGIF.dylib
0x00007ff825959000 	/System/Library/Frameworks/ImageIO.framework/Versions/A/Resources/libJP2.dylib
0x00007ff825097000 	/usr/lib/libexpat.1.dylib
0x00007ff82590e000 	/System/Library/PrivateFrameworks/AppleJPEG.framework/Versions/A/AppleJPEG
0x00007ff82227a000 	/System/Library/PrivateFrameworks/FontServices.framework/libFontParser.dylib
0x00007ff81fd8e000 	/System/Library/PrivateFrameworks/RunningBoardServices.framework/Versions/A/RunningBoardServices
0x00007ff830a94000 	/System/Library/PrivateFrameworks/IOSurfaceAccelerator.framework/Versions/A/IOSurfaceAccelerator
0x00007ff825a3b000 	/System/Library/PrivateFrameworks/WatchdogClient.framework/Versions/A/WatchdogClient
0x00007ff81a9df000 	/System/Library/Frameworks/CoreDisplay.framework/Versions/A/CoreDisplay
0x00007ff822178000 	/System/Library/Frameworks/CoreMedia.framework/Versions/A/CoreMedia
0x00007ff82200c000 	/System/Library/PrivateFrameworks/IOAccelerator.framework/Versions/A/IOAccelerator
0x00007ff820f11000 	/System/Library/Frameworks/CoreVideo.framework/Versions/A/CoreVideo
0x00007ff8246ed000 	/System/Library/Frameworks/MetalPerformanceShaders.framework/Versions/A/MetalPerformanceShaders
0x00007ff825a78000 	/System/Library/Frameworks/VideoToolbox.framework/Versions/A/VideoToolbox
0x00007ff81fcd8000 	/System/Library/PrivateFrameworks/BaseBoard.framework/Versions/A/BaseBoard
0x00007ff81fa5f000 	/System/Library/PrivateFrameworks/ProtocolBuffer.framework/Versions/A/ProtocolBuffer
0x00007ff8260bd000 	/System/Library/PrivateFrameworks/GPUWrangler.framework/Versions/A/GPUWrangler
0x00007ff8260a1000 	/System/Library/PrivateFrameworks/IOPresentment.framework/Versions/A/IOPresentment
0x00007ff8260c7000 	/System/Library/PrivateFrameworks/DSExternalDisplay.framework/Versions/A/DSExternalDisplay
0x00007ffa32451000 	/System/Library/Frameworks/OpenGL.framework/Versions/A/Libraries/libCoreFSCache.dylib
0x00007ffb1f528000 	/System/Library/PrivateFrameworks/GPUCompiler.framework/Versions/31001/Libraries/libGPUCompilerUtils.dylib
0x00007ff826132000 	/System/Library/PrivateFrameworks/CMCaptureCore.framework/Versions/A/CMCaptureCore
0x00007ff82563f000 	/System/Library/PrivateFrameworks/AppServerSupport.framework/Versions/A/AppServerSupport
0x00007ff827900000 	/System/Library/PrivateFrameworks/perfdata.framework/Versions/A/perfdata
0x00007ff81ab0b000 	/System/Library/PrivateFrameworks/AudioToolboxCore.framework/Versions/A/AudioToolboxCore
0x00007ff822156000 	/System/Library/PrivateFrameworks/caulk.framework/Versions/A/caulk
0x00007ff827212000 	/usr/lib/libAudioStatistics.dylib
0x00007ff91ef09000 	/System/Library/PrivateFrameworks/SystemPolicy.framework/Versions/A/SystemPolicy
0x00007ff82746d000 	/usr/lib/libSMC.dylib
0x00007ff83038c000 	/System/Library/Frameworks/CoreMIDI.framework/Versions/A/CoreMIDI
0x00007ff825fed000 	/usr/lib/libAudioToolboxUtility.dylib
0x00007ff91b135000 	/System/Library/PrivateFrameworks/OSAServicesClient.framework/Versions/A/OSAServicesClient
0x00007ff82790d000 	/usr/lib/libperfcheck.dylib
0x00007ff91f9b6000 	/usr/lib/libmis.dylib
0x00007ffa324ac000 	/System/Library/Frameworks/OpenGL.framework/Versions/A/Libraries/libGLU.dylib
0x00007ffa32470000 	/System/Library/Frameworks/OpenGL.framework/Versions/A/Libraries/libGFXShared.dylib
0x00007ffa32679000 	/System/Library/Frameworks/OpenGL.framework/Versions/A/Libraries/libGL.dylib
0x00007ffa32479000 	/System/Library/Frameworks/OpenGL.framework/Versions/A/Libraries/libGLImage.dylib
0x00007ffa3246d000 	/System/Library/Frameworks/OpenGL.framework/Versions/A/Libraries/libCVMSPluginSupport.dylib
0x00007ffa32458000 	/System/Library/Frameworks/OpenGL.framework/Versions/A/Libraries/libCoreVMClient.dylib
0x00007ff822cc2000 	/System/Library/Frameworks/MetalPerformanceShaders.framework/Versions/A/Frameworks/MPSCore.framework/Versions/A/MPSCore
0x00007ff824084000 	/System/Library/Frameworks/MetalPerformanceShaders.framework/Versions/A/Frameworks/MPSImage.framework/Versions/A/MPSImage
0x00007ff823b2a000 	/System/Library/Frameworks/MetalPerformanceShaders.framework/Versions/A/Frameworks/MPSNeuralNetwork.framework/Versions/A/MPSNeuralNetwork
0x00007ff823f9e000 	/System/Library/Frameworks/MetalPerformanceShaders.framework/Versions/A/Frameworks/MPSMatrix.framework/Versions/A/MPSMatrix
0x00007ff823d59000 	/System/Library/Frameworks/MetalPerformanceShaders.framework/Versions/A/Frameworks/MPSRayIntersector.framework/Versions/A/MPSRayIntersector
0x00007ff823fd6000 	/System/Library/Frameworks/MetalPerformanceShaders.framework/Versions/A/Frameworks/MPSNDArray.framework/Versions/A/MPSNDArray
0x00007ffa37f31000 	/System/Library/Frameworks/MetalPerformanceShaders.framework/Versions/A/Frameworks/MPSFunctions.framework/Versions/A/MPSFunctions
0x00007ff819e12000 	/System/Library/PrivateFrameworks/MetalTools.framework/Versions/A/MetalTools
0x00007ff822d3e000 	/System/Library/PrivateFrameworks/AggregateDictionary.framework/Versions/A/AggregateDictionary
0x00007ff824e79000 	/usr/lib/libIOReport.dylib
0x00007ffa33a88000 	/System/Library/Frameworks/OpenCL.framework/Versions/A/OpenCL
0x00007ff8251dd000 	/System/Library/PrivateFrameworks/FaceCore.framework/Versions/A/FaceCore
0x00007ff8251ce000 	/System/Library/PrivateFrameworks/GraphVisualizer.framework/Versions/A/GraphVisualizer
0x00007ffb1f433000 	/System/Library/PrivateFrameworks/FontServices.framework/Versions/A/FontServices
0x00007ff8255f7000 	/System/Library/PrivateFrameworks/OTSVG.framework/Versions/A/OTSVG
0x00007ff820af8000 	/System/Library/Frameworks/ApplicationServices.framework/Versions/A/Frameworks/ATS.framework/Versions/A/Resources/libFontRegistry.dylib
0x00007ff825647000 	/System/Library/PrivateFrameworks/FontServices.framework/libhvf.dylib
0x00007ffb1f434000 	/System/Library/PrivateFrameworks/FontServices.framework/libXTFontStaticRegistryData.dylib
0x00007ff825047000 	/System/Library/PrivateFrameworks/AppleVA.framework/Versions/A/AppleVA
0x00007ff827232000 	/System/Library/Frameworks/ApplicationServices.framework/Versions/A/Frameworks/ATS.framework/Versions/A/ATS
0x00007ff81f1a5000 	/System/Library/Frameworks/ApplicationServices.framework/Versions/A/Frameworks/HIServices.framework/Versions/A/HIServices
0x00007ff82613c000 	/System/Library/Frameworks/ApplicationServices.framework/Versions/A/Frameworks/PrintCore.framework/Versions/A/PrintCore
0x00007ff8275c0000 	/System/Library/Frameworks/ApplicationServices.framework/Versions/A/Frameworks/QD.framework/Versions/A/QD
0x00007ff8275b8000 	/System/Library/Frameworks/ApplicationServices.framework/Versions/A/Frameworks/ColorSyncLegacy.framework/Versions/A/ColorSyncLegacy
0x00007ff827222000 	/System/Library/Frameworks/ApplicationServices.framework/Versions/A/Frameworks/SpeechSynthesis.framework/Versions/A/SpeechSynthesis
0x00007ff8260fd000 	/System/Library/Frameworks/ApplicationServices.framework/Versions/A/Frameworks/ATSUI.framework/Versions/A/ATSUI
0x00007ff82754d000 	/usr/lib/libcups.2.dylib
0x00007ff82791c000 	/System/Library/Frameworks/Kerberos.framework/Versions/A/Kerberos
0x00007ff82792b000 	/System/Library/Frameworks/GSS.framework/Versions/A/GSS
0x00007ff82729e000 	/usr/lib/libresolv.9.dylib
0x00007ff825656000 	/System/Library/PrivateFrameworks/Heimdal.framework/Versions/A/Heimdal
0x00007ff82e50f000 	/System/Library/Frameworks/Kerberos.framework/Versions/A/Libraries/libHeimdalProxy.dylib
0x00007ff81fe62000 	/System/Library/Frameworks/Network.framework/Versions/A/Network
0x00007ff8250b1000 	/usr/lib/libheimdal-asn1.dylib
0x00007ff827976000 	/System/Library/PrivateFrameworks/CommonAuth.framework/Versions/A/CommonAuth
0x00007ff8271a4000 	/System/Library/PrivateFrameworks/AudioSession.framework/Versions/A/AudioSession
0x00007ff825141000 	/System/Library/PrivateFrameworks/MediaExperience.framework/Versions/A/MediaExperience
0x00007ff827036000 	/System/Library/PrivateFrameworks/AudioSession.framework/libSessionUtility.dylib
0x00007ff8275cc000 	/System/Library/PrivateFrameworks/AudioResourceArbitration.framework/Versions/A/AudioResourceArbitration
0x00007ff82b64d000 	/System/Library/PrivateFrameworks/PowerLog.framework/Versions/A/PowerLog
0x00007ff8250ba000 	/System/Library/PrivateFrameworks/IconFoundation.framework/Versions/A/IconFoundation
0x00007ff82a403000 	/System/Library/PrivateFrameworks/SpeechRecognitionCore.framework/Versions/A/SpeechRecognitionCore
0x000000010bdd8000 	/Library/Java/JavaVirtualMachines/microsoft-11.jdk/Contents/Home/lib/server/libjvm.dylib
0x0000000108e01000 	/Library/Java/JavaVirtualMachines/microsoft-11.jdk/Contents/Home/lib/libverify.dylib
0x0000000108e45000 	/Library/Java/JavaVirtualMachines/microsoft-11.jdk/Contents/Home/lib/libjava.dylib
0x0000000108e15000 	/Library/Java/JavaVirtualMachines/microsoft-11.jdk/Contents/Home/lib/libjimage.dylib
0x0000000108eb5000 	/Library/Java/JavaVirtualMachines/microsoft-11.jdk/Contents/Home/lib/libjdwp.dylib
0x0000000108ef6000 	/Library/Java/JavaVirtualMachines/microsoft-11.jdk/Contents/Home/lib/libzip.dylib
0x000000010bd46000 	/Library/Java/JavaVirtualMachines/microsoft-11.jdk/Contents/Home/lib/libnio.dylib
0x000000010bd78000 	/Library/Java/JavaVirtualMachines/microsoft-11.jdk/Contents/Home/lib/libnet.dylib
0x000000010bd30000 	/Library/Java/JavaVirtualMachines/microsoft-11.jdk/Contents/Home/lib/libdt_socket.dylib
0x000000010bd5c000 	/Users/macbookair/Documents/JavaLibs/javafx-sdk-11.0.2/lib/libprism_es2.dylib
0x00007ff81bfa3000 	/System/Library/PrivateFrameworks/CoreServicesInternal.framework/Versions/A/CoreServicesInternal
0x00007ffa32684000 	/System/Library/Frameworks/OpenGL.framework/Versions/A/Resources/GLEngine.bundle/GLEngine
0x00007ffa324ea000 	/System/Library/Frameworks/OpenGL.framework/Versions/A/Libraries/libGLProgrammability.dylib
0x00007ffa2ae56000 	/System/Library/Extensions/AppleIntelBDWGraphicsGLDriver.bundle/Contents/MacOS/AppleIntelBDWGraphicsGLDriver
0x00007ff929b51000 	/System/Library/PrivateFrameworks/GPUSupport.framework/Versions/A/Libraries/libGPUSupportMercury.dylib
0x00007ffa3280e000 	/System/Library/Frameworks/OpenGL.framework/Versions/A/Resources/GLRendererFloat.bundle/GLRendererFloat
0x00000001143c3000 	/Users/macbookair/Documents/JavaLibs/javafx-sdk-11.0.2/lib/libglass.dylib
0x00007ff82bc3e000 	/System/Library/Frameworks/FileProvider.framework/Versions/A/FileProvider
0x00007ff81fc45000 	/System/Library/Frameworks/Accounts.framework/Versions/A/Accounts
0x00007ff82bdb7000 	/System/Library/PrivateFrameworks/GenerationalStorage.framework/Versions/A/GenerationalStorage
0x00007ff82c8c7000 	/System/Library/PrivateFrameworks/CoreSymbolication.framework/Versions/A/CoreSymbolication
0x00007ff82b642000 	/System/Library/PrivateFrameworks/SymptomDiagnosticReporter.framework/Versions/A/SymptomDiagnosticReporter
0x00007ff81d264000 	/System/Library/PrivateFrameworks/DesktopServicesPriv.framework/Versions/A/DesktopServicesPriv
0x00007ff81c0e2000 	/usr/lib/libsandbox.1.dylib
0x00007ff820f90000 	/System/Library/PrivateFrameworks/UserManagement.framework/Versions/A/UserManagement
0x00007ff82c88c000 	/System/Library/PrivateFrameworks/DebugSymbols.framework/Versions/A/DebugSymbols
0x00007ff8275ad000 	/System/Library/PrivateFrameworks/NetAuth.framework/Versions/A/NetAuth
0x00007ff8284bc000 	/System/Library/PrivateFrameworks/Sharing.framework/Versions/A/Sharing
0x00007ff820f63000 	/System/Library/PrivateFrameworks/login.framework/Versions/A/Frameworks/loginsupport.framework/Versions/A/loginsupport
0x00007ff82da2a000 	/System/Library/PrivateFrameworks/Apple80211.framework/Versions/A/Apple80211
0x00007ff824169000 	/System/Library/PrivateFrameworks/AuthKit.framework/Versions/A/AuthKit
0x00007ff8237be000 	/System/Library/PrivateFrameworks/CoreUtils.framework/Versions/A/CoreUtils
0x00007ff8236e5000 	/System/Library/Frameworks/CoreWLAN.framework/Versions/A/CoreWLAN
0x00007ff82861b000 	/System/Library/Frameworks/IOBluetooth.framework/Versions/A/IOBluetooth
0x00007ff82da92000 	/System/Library/PrivateFrameworks/CoreWiFi.framework/Versions/A/CoreWiFi
0x00007ff82c461000 	/System/Library/PrivateFrameworks/FrontBoardServices.framework/Versions/A/FrontBoardServices
0x00007ff82c4f2000 	/System/Library/PrivateFrameworks/BoardServices.framework/Versions/A/BoardServices
0x00007ff8239cd000 	/System/Library/PrivateFrameworks/AssertionServices.framework/Versions/A/AssertionServices
0x00007ff82dc15000 	/System/Library/PrivateFrameworks/BackBoardServices.framework/Versions/A/BackBoardServices
0x00007ff827a07000 	/System/Library/PrivateFrameworks/CorePhoneNumbers.framework/Versions/A/CorePhoneNumbers
0x00007ff8272cb000 	/System/Library/PrivateFrameworks/MultiverseSupport.framework/Versions/A/MultiverseSupport
0x00007ff82de88000 	/System/Library/PrivateFrameworks/RemoteServiceDiscovery.framework/Versions/A/RemoteServiceDiscovery
0x00007ff82b75f000 	/System/Library/PrivateFrameworks/DiskManagement.framework/Versions/A/DiskManagement
0x00007ff82b673000 	/System/Library/PrivateFrameworks/AppleIDAuthSupport.framework/Versions/A/AppleIDAuthSupport
0x00007ffb19dae000 	/System/Library/PrivateFrameworks/AAAFoundation.framework/Versions/A/AAAFoundation
0x00007ff8279e8000 	/System/Library/PrivateFrameworks/KeychainCircle.framework/Versions/A/KeychainCircle
0x00007ff82de98000 	/System/Library/PrivateFrameworks/RemoteXPC.framework/Versions/A/RemoteXPC
0x00007ff82b72b000 	/System/Library/PrivateFrameworks/MediaKit.framework/Versions/A/MediaKit
0x00007ff82b67f000 	/System/Library/Frameworks/DiscRecording.framework/Versions/A/DiscRecording
0x00007ff824fbf000 	/usr/lib/libCoreStorage.dylib
0x00007ff82df03000 	/usr/lib/libcsfde.dylib
0x00007ff8286e8000 	/System/Library/PrivateFrameworks/ProtectedCloudStorage.framework/Versions/A/ProtectedCloudStorage
0x00007ff82deff000 	/System/Library/PrivateFrameworks/EFILogin.framework/Versions/A/EFILogin
0x00007ff82bddd000 	/System/Library/PrivateFrameworks/OctagonTrust.framework/Versions/A/OctagonTrust
0x00007ffb1e696000 	/System/Library/PrivateFrameworks/CoreUtilsExtras.framework/Versions/A/CoreUtilsExtras
0x00007ff82b5a6000 	/System/Library/Frameworks/CoreBluetooth.framework/Versions/A/CoreBluetooth
0x00007ff82e594000 	/System/Library/Frameworks/AudioUnit.framework/Versions/A/AudioUnit
0x00007ff824fb7000 	/usr/lib/libMatch.1.dylib
0x00007ff923fda000 	/System/Library/Frameworks/Accelerate.framework/Versions/A/Frameworks/vImage.framework/Versions/A/Libraries/libCGInterfaces.dylib
0x0000000114f9a000 	/usr/lib/libobjc-trampolines.dylib
0x00007ff820c88000 	/System/Library/PrivateFrameworks/ViewBridge.framework/Versions/A/ViewBridge
0x00007ffb1a470000 	/System/Library/PrivateFrameworks/AccessibilityBundles.framework/Versions/A/AccessibilityBundles
0x00000001319b2000 	/Users/macbookair/Documents/JavaLibs/javafx-sdk-11.0.2/lib/libjavafx_font.dylib
0x00007ff82570d000 	/System/Library/PrivateFrameworks/login.framework/Versions/A/login
0x00007ffb31f16000 	/usr/lib/libRosetta.dylib
0x00007ff82ab1f000 	/System/Library/PrivateFrameworks/SystemAdministration.framework/Versions/A/SystemAdministration
0x00007ff826366000 	/System/Library/Frameworks/MediaToolbox.framework/Versions/A/MediaToolbox
0x00007ff82a3cf000 	/System/Library/Frameworks/DirectoryService.framework/Versions/A/DirectoryService
0x00007ff82dda1000 	/System/Library/PrivateFrameworks/DiskImages.framework/Versions/A/DiskImages
0x00007ff823a75000 	/System/Library/Frameworks/ServiceManagement.framework/Versions/A/ServiceManagement
0x00007ff82df7d000 	/System/Library/PrivateFrameworks/LoginUIKit.framework/Versions/A/Frameworks/LoginUICore.framework/Versions/A/LoginUICore
0x00007ff8258b6000 	/usr/lib/libodfde.dylib
0x00007ff82bc0e000 	/System/Library/PrivateFrameworks/CoreAVCHD.framework/Versions/A/CoreAVCHD
0x00007ff82aae3000 	/System/Library/Frameworks/MediaAccessibility.framework/Versions/A/MediaAccessibility
0x00007ff82bc0a000 	/System/Library/PrivateFrameworks/Mangrove.framework/Versions/A/Mangrove
0x00007ff82aaee000 	/System/Library/PrivateFrameworks/AlgosScoreFramework.framework/Versions/A/AlgosScoreFramework
0x00007ffb1b98a000 	/System/Library/PrivateFrameworks/CMPhoto.framework/Versions/A/CMPhoto
0x00007ff82c762000 	/System/Library/PrivateFrameworks/AppleVPA.framework/Versions/A/AppleVPA
0x00007ff82b84f000 	/System/Library/PrivateFrameworks/CoreAUC.framework/Versions/A/CoreAUC
0x00007ff82df0f000 	/usr/lib/libcurl.4.dylib
0x00007ffb32382000 	/usr/lib/libcrypto.46.dylib
0x00007ffb32877000 	/usr/lib/libssl.48.dylib
0x00007ff82dc33000 	/System/Library/Frameworks/LDAP.framework/Versions/A/LDAP
0x00007ff82dc6b000 	/System/Library/PrivateFrameworks/TrustEvaluationAgent.framework/Versions/A/TrustEvaluationAgent
0x00007ff8272b7000 	/usr/lib/libsasl2.2.dylib
0x00007ff82ab13000 	/System/Library/PrivateFrameworks/CoreDaemon.framework/Versions/B/CoreDaemon
0x00007ff82ab0e000 	/System/Library/PrivateFrameworks/AppleSRP.framework/Versions/A/AppleSRP
0x00000001333b5000 	/Library/Java/JavaVirtualMachines/microsoft-11.jdk/Contents/Home/lib/libextnet.dylib
0x00000001333ee000 	/Library/Java/JavaVirtualMachines/microsoft-11.jdk/Contents/Home/lib/libsunec.dylib


VM Arguments:
jvm_args: -agentlib:jdwp=transport=dt_socket,server=n,suspend=y,address=localhost:62144 --module-path=/Users/macbookair/Documents/JavaLibs/javafx-sdk-11.0.2/lib --add-modules=javafx.controls,javafx.fxml 
java_command: App
java_class_path (initial): /Users/macbookair/Documents/Escola/Projeto-POO/GestaoStock/bin:/Users/macbookair/Documents/JavaLibs/javafx-sdk-11.0.2/lib/javafx.base.jar:/Users/macbookair/Documents/JavaLibs/javafx-sdk-11.0.2/lib/javafx.web.jar:/Users/macbookair/Documents/JavaLibs/javafx-sdk-11.0.2/lib/javafx.controls.jar:/Users/macbookair/Documents/JavaLibs/javafx-sdk-11.0.2/lib/javafx.media.jar:/Users/macbookair/Documents/Escola/Projeto-POO/GestaoStock/lib/mssql-jdbc-11.2.0.jre11.jar:/Users/macbookair/Documents/JavaLibs/javafx-sdk-11.0.2/lib/javafx-swt.jar:/Users/macbookair/Documents/JavaLibs/javafx-sdk-11.0.2/lib/javafx.graphics.jar:/Users/macbookair/Documents/JavaLibs/javafx-sdk-11.0.2/lib/javafx.fxml.jar:/Users/macbookair/Documents/JavaLibs/javafx-sdk-11.0.2/lib/javafx.swing.jar
Launcher Type: SUN_STANDARD

[Global flags]
     intx CICompilerCount                          = 3                                         {product} {ergonomic}
     uint ConcGCThreads                            = 1                                         {product} {ergonomic}
     uint G1ConcRefinementThreads                  = 4                                         {product} {ergonomic}
   size_t G1HeapRegionSize                         = 1048576                                   {product} {ergonomic}
    uintx GCDrainStackTargetSize                   = 64                                        {product} {ergonomic}
   size_t InitialHeapSize                          = 134217728                                 {product} {ergonomic}
   size_t MarkStackSize                            = 4194304                                   {product} {ergonomic}
   size_t MaxHeapSize                              = 2147483648                                {product} {ergonomic}
   size_t MaxNewSize                               = 1287651328                                {product} {ergonomic}
   size_t MinHeapDeltaBytes                        = 1048576                                   {product} {ergonomic}
    uintx NonNMethodCodeHeapSize                   = 5830732                                {pd product} {ergonomic}
    uintx NonProfiledCodeHeapSize                  = 122913754                              {pd product} {ergonomic}
    uintx ProfiledCodeHeapSize                     = 122913754                              {pd product} {ergonomic}
    uintx ReservedCodeCacheSize                    = 251658240                              {pd product} {ergonomic}
     bool SegmentedCodeCache                       = true                                      {product} {ergonomic}
     bool UseCompressedClassPointers               = true                                 {lp64_product} {ergonomic}
     bool UseCompressedOops                        = true                                 {lp64_product} {ergonomic}
     bool UseG1GC                                  = true                                      {product} {ergonomic}

Logging:
Log output configuration:
 #0: stdout all=warning uptime,level,tags
 #1: stderr all=off uptime,level,tags

Environment Variables:
PATH=/Users/macbookair/Library/Android/sdk/tools:/Users/macbookair/Library/Android/sdk/build-tools:/usr/local/bin:/usr/bin:/bin:/usr/sbin:/sbin:/Applications/VMware Fusion.app/Contents/Public:/usr/local/share/dotnet:~/.dotnet/tools:/Library/Apple/usr/bin:/Library/Frameworks/Mono.framework/Versions/Current/Commands:/Users/macbookair/Library/Android/sdk/tools:/Users/macbookair/Library/Android/sdk/build-tools:/Users/macbookair/fvm/default/bin:/Users/macbookair/.pub-cache/bin:/Users/macbookair/Library/Caches/Homebrew/downloads/heroku/bin:/Users/macbookair/fvm/default/bin:/Users/macbookair/.pub-cache/bin:/Users/macbookair/Library/Caches/Homebrew/downloads/heroku/bin
SHELL=/bin/bash
LANG=en_US.UTF-8

Signal Handlers:
SIGSEGV: [libjvm.dylib+0x7d523e], sa_mask[0]=11111111011111110111111111111111, sa_flags=SA_ONSTACK|SA_RESTART|SA_SIGINFO
SIGBUS: [libjvm.dylib+0x7d523e], sa_mask[0]=11111111011111110111111111111111, sa_flags=SA_RESTART|SA_SIGINFO
SIGFPE: [libjvm.dylib+0x7d523e], sa_mask[0]=11111111011111110111111111111111, sa_flags=SA_RESTART|SA_SIGINFO
SIGPIPE: [libjvm.dylib+0x6372b8], sa_mask[0]=11111111011111110111111111111111, sa_flags=SA_RESTART|SA_SIGINFO
SIGXFSZ: [libjvm.dylib+0x6372b8], sa_mask[0]=11111111011111110111111111111111, sa_flags=SA_RESTART|SA_SIGINFO
SIGILL: [libjvm.dylib+0x7d523e], sa_mask[0]=11111111011111110111111111111111, sa_flags=SA_RESTART|SA_SIGINFO
SIGUSR2: [libjvm.dylib+0x63789d], sa_mask[0]=00000000000000000000000000000000, sa_flags=SA_RESTART|SA_SIGINFO
SIGHUP: [libjvm.dylib+0x636427], sa_mask[0]=11111111011111110111111111111111, sa_flags=SA_RESTART|SA_SIGINFO
SIGINT: [libjvm.dylib+0x636427], sa_mask[0]=11111111011111110111111111111111, sa_flags=SA_RESTART|SA_SIGINFO
SIGTERM: [libjvm.dylib+0x636427], sa_mask[0]=11111111011111110111111111111111, sa_flags=SA_RESTART|SA_SIGINFO
SIGQUIT: [libjvm.dylib+0x636427], sa_mask[0]=11111111011111110111111111111111, sa_flags=SA_RESTART|SA_SIGINFO


---------------  S Y S T E M  ---------------

OS:uname:Darwin 21.6.0 Darwin Kernel Version 21.6.0: Wed Aug 10 14:25:27 PDT 2022; root:xnu-8020.141.5~2/RELEASE_X86_64 x86_64
OS uptime: 1 days 1:52 hours
rlimit (soft/hard): STACK 8192k/65532k , CORE 0k/infinity , NPROC 1392/2088 , NOFILE 10240/infinity , AS infinity/infinity , CPU infinity/infinity , DATA infinity/infinity , FSIZE infinity/infinity , MEMLOCK infinity/infinity , RSS infinity/infinity
load average:4.55 4.19 4.12

CPU:total 4 (initial active 4) (2 cores per cpu, 2 threads per core) family 6 model 61 stepping 4 microcode 0x2f, cmov, cx8, fxsr, mmx, sse, sse2, sse3, ssse3, sse4.1, sse4.2, popcnt, avx, avx2, aes, clmul, erms, rtm, 3dnowpref, lzcnt, ht, tsc, tscinvbit, bmi1, bmi2, adx, fma

Memory: 4k page, physical 8388608k(54352k free), swap 3145728k(1039872k free)

vm_info: OpenJDK 64-Bit Server VM (11.0.12+7) for bsd-amd64 JRE (11.0.12+7), built on Jul 21 2021 15:42:47 by "runner" with clang 4.2.1 Compatible Apple LLVM 9.1.0 (clang-902.0.39.2)

END.
